        -:    0:Source:unit_test.c
        -:    0:Programs:3
        -:    1:/*
        -:    2: * Copyright (c) 2014 Cesanta Software Limited
        -:    3: * All rights reserved
        -:    4: * This software is dual-licensed: you can redistribute it and/or modify
        -:    5: * it under the terms of the GNU General Public License version 2 as
        -:    6: * published by the Free Software Foundation. For the terms of this
        -:    7: * license, see <http://www.gnu.org/licenses/>.
        -:    8: *
        -:    9: * You are free to use this software under the terms of the GNU General
        -:   10: * Public License, but WITHOUT ANY WARRANTY; without even the implied
        -:   11: * warranty of MERCHANTABILITY or FITNESS FOR A PARTICULAR PURPOSE.
        -:   12: * See the GNU General Public License for more details.
        -:   13: *
        -:   14: * Alternatively, you can license this software under a commercial
        -:   15: * license, as set out in <https://www.cesanta.com/license>.
        -:   16: */
        -:   17:
        -:   18:#include "unit_test.h"
        -:   19:#include "common/cs_md5.h"
        -:   20:#include "common/test_main.h"
        -:   21:#include "common/test_util.h"
        -:   22:#include "mongoose.h"
        -:   23:#include "src/mg_internal.h"
        -:   24:
        -:   25:#if defined(__STDC_VERSION__) && __STDC_VERSION__ < 199901L && !defined(WIN32)
        -:   26:#define __func__ ""
        -:   27:#endif
        -:   28:
        -:   29:#define FETCH_BUF_SIZE (1024 * 16)
        -:   30:
        -:   31:#define HTTP_PORT "45772"
        -:   32:#define LOOPBACK_IP "127.0.0.1"
        -:   33:#define LISTENING_ADDR LOOPBACK_IP ":" HTTP_PORT
        -:   34:
        -:   35:static struct mg_serve_http_opts s_http_server_opts;
        -:   36:static int s_listening_port = 23456;
        -:   37:
        -:   38:#define TEST_MG_MALLOC malloc
        -:   39:#define TEST_MG_CALLOC calloc
        -:   40:
        -:   41:#ifndef intptr_t
        -:   42:#define intptr_t long
        -:   43:#endif
        -:   44:
        -:   45:void *(*test_malloc)(size_t) = TEST_MG_MALLOC;
        -:   46:void *(*test_calloc)(size_t, size_t) = TEST_MG_CALLOC;
        -:   47:
    #####:   48:void *failing_malloc(size_t size) {
        -:   49:  (void) size;
    #####:   50:  return NULL;
        -:   51:}
        -:   52:
        1:   53:void *failing_calloc(size_t count, size_t size) {
        -:   54:  (void) count;
        -:   55:  (void) size;
        1:   56:  return NULL;
        -:   57:}
        -:   58:
        9:   59:static char *read_file(const char *path, size_t *size) {
        -:   60:  FILE *fp;
        -:   61:  struct stat st;
        9:   62:  char *data = NULL;
        9:   63:  if ((fp = mg_fopen(path, "rb")) != NULL && !fstat(fileno(fp), &st)) {
        9:   64:    *size = st.st_size;
        9:   65:    data = (char *) malloc(*size);
        9:   66:    fread(data, 1, *size, fp);
        9:   67:    fclose(fp);
        -:   68:  }
        9:   69:  return data;
        -:   70:}
        -:   71:
       16:   72:void msleep(int millis) {
        -:   73:#if defined(_WIN32)
        -:   74:  Sleep(millis);
        -:   75:#else
       16:   76:  usleep(millis * 1000);
        -:   77:#endif
       16:   78:}
        -:   79:
        -:   80:static struct mg_iface *test_iface = NULL;
        -:   81:
       22:   82:static void init_test_connection(struct mg_connection *nc) {
       22:   83:  memset(nc, 0, sizeof(*nc));
       22:   84:  nc->iface = test_iface;
       22:   85:}
        -:   86:
       17:   87:static struct mg_connection *create_test_connection() {
       17:   88:  struct mg_connection *nc = (struct mg_connection *) calloc(1, sizeof(*nc));
       17:   89:  init_test_connection(nc);
       17:   90:  return nc;
        -:   91:}
        -:   92:
        -:   93:void mg_destroy_conn(struct mg_connection *conn, int destroy_if);
       16:   94:static void destroy_test_connection(struct mg_connection *nc) {
       16:   95:  mg_destroy_conn(nc, 0 /* destroy_if */);
       16:   96:}
        -:   97:
        1:   98:static const char *test_mbuf(void) {
        -:   99:  struct mbuf io;
        1:  100:  const char *data = "TEST";
        1:  101:  const char *prefix = "MY";
        1:  102:  const char *big_prefix = "Some long prefix: ";
        -:  103:  size_t old_size;
        -:  104:
        1:  105:  mbuf_init(&io, 0);
        1:  106:  ASSERT(io.buf == NULL);
        1:  107:  ASSERT_EQ(io.len, 0);
        1:  108:  ASSERT_EQ(io.size, 0);
        1:  109:  mbuf_free(&io);
        1:  110:  ASSERT(io.buf == NULL);
        1:  111:  ASSERT_EQ(io.len, 0);
        1:  112:  ASSERT_EQ(io.size, 0);
        -:  113:
        1:  114:  mbuf_init(&io, 10);
        1:  115:  ASSERT(io.buf != NULL);
        1:  116:  ASSERT_EQ(io.len, 0);
        1:  117:  ASSERT_EQ(io.size, 10);
        1:  118:  mbuf_free(&io);
        1:  119:  ASSERT(io.buf == NULL);
        1:  120:  ASSERT_EQ(io.len, 0);
        1:  121:  ASSERT_EQ(io.size, 0);
        -:  122:
        1:  123:  mbuf_init(&io, 10);
        1:  124:  ASSERT_EQ(mbuf_append(&io, NULL, 0), 0);
        -:  125:  /* test allocation failure */
        1:  126:  ASSERT_EQ(mbuf_append(&io, NULL, 1125899906842624), 0);
        -:  127:
        1:  128:  ASSERT_EQ(mbuf_append(&io, data, strlen(data)), strlen(data));
        -:  129:
        1:  130:  mbuf_resize(&io, 2);
        1:  131:  ASSERT_EQ(io.size, 10);
        1:  132:  ASSERT_EQ(io.len, strlen(data));
        -:  133:
        1:  134:  ASSERT_EQ(mbuf_insert(&io, 0, prefix, strlen(prefix)), strlen(prefix));
        1:  135:  ASSERT_EQ(io.size, 10);
        1:  136:  ASSERT_EQ(io.len, strlen(data) + strlen(prefix));
        -:  137:
        1:  138:  ASSERT_EQ(mbuf_insert(&io, 0, big_prefix, strlen(big_prefix)),
        -:  139:            strlen(big_prefix));
        1:  140:  ASSERT_EQ(io.size, MBUF_SIZE_MULTIPLIER *
        -:  141:                         (strlen(big_prefix) + strlen(prefix) + strlen(data)));
        1:  142:  ASSERT_STREQ_NZ(io.buf, "Some long prefix: MYTEST");
        -:  143:
        1:  144:  old_size = io.size;
        1:  145:  ASSERT_EQ(mbuf_insert(&io, strlen(big_prefix), data, strlen(data)),
        -:  146:            strlen(data));
        1:  147:  ASSERT_EQ(io.size, old_size);
        1:  148:  ASSERT_STREQ_NZ(io.buf, "Some long prefix: TESTMYTEST");
        -:  149:
        -:  150:  /* test allocation failure */
        1:  151:  ASSERT_EQ(mbuf_insert(&io, 0, NULL, 1125899906842624), 0);
        -:  152:
        -:  153:  /* test overflow */
        1:  154:  ASSERT_EQ(mbuf_insert(&io, 0, NULL, -1), 0);
        1:  155:  mbuf_free(&io);
        1:  156:  return NULL;
        -:  157:}
        -:  158:
      106:  159:static void eh1(struct mg_connection *nc, int ev, void *ev_data) {
      106:  160:  struct mbuf *io = &nc->recv_mbuf;
        -:  161:
      106:  162:  switch (ev) {
        3:  163:    case MG_EV_CONNECT: {
        3:  164:      int res = *((int *) ev_data);
        3:  165:      if (res == 0) {
        3:  166:        mg_printf(nc, "%d %s there", *(int *) ev_data, "hi");
        -:  167:      } else {
    #####:  168:        sprintf((char *) nc->user_data, "connect failed! %d", res);
        -:  169:      }
        3:  170:      break;
        -:  171:    }
        6:  172:    case MG_EV_RECV: {
        6:  173:      if (nc->listener != NULL) {
        3:  174:        mg_printf(nc, "%d", (int) io->len);
        3:  175:        mbuf_remove(io, io->len);
        3:  176:      } else if (io->len > 0) {
        6:  177:        sprintf((char *) nc->user_data, "%sok!",
        6:  178:                (io->len == 2 && memcmp(io->buf, "10", 2) == 0) ? "" : "NOT ");
        3:  179:        DBG(("%s", (const char *) nc->user_data));
        3:  180:        nc->flags |= MG_F_CLOSE_IMMEDIATELY;
        -:  181:      }
        6:  182:      break;
        -:  183:    }
       97:  184:    default:
       97:  185:      break;
        -:  186:  }
      106:  187:}
        -:  188:
        -:  189:#define S_PEM "server.pem"
        -:  190:#define C_PEM "client.pem"
        -:  191:#define CA_PEM "ca.pem"
        -:  192:
        2:  193:static const char *test_mgr_with_ssl(int use_ssl) {
        2:  194:  char addr[100] = "127.0.0.1:0", ip[sizeof(addr)], buf[100] = "",
        -:  195:       short_addr[5];
        -:  196:  struct mg_mgr mgr;
        -:  197:  struct mg_connection *nc;
        -:  198:  struct mg_bind_opts bopts;
        -:  199:  int port, port2;
        -:  200:#if !MG_ENABLE_SSL
        -:  201:  (void) use_ssl;
        -:  202:#endif
        -:  203:
        2:  204:  mg_mgr_init(&mgr, NULL);
        -:  205:  /* mgr.hexdump_file = "-"; */
        -:  206:
        2:  207:  memset(&bopts, 0, sizeof(bopts));
        -:  208:#if MG_ENABLE_SSL
        2:  209:  if (use_ssl) {
        1:  210:    bopts.ssl_cert = S_PEM;
        1:  211:    bopts.ssl_ca_cert = CA_PEM;
        -:  212:  }
        -:  213:#endif
        2:  214:  ASSERT((nc = mg_bind_opt(&mgr, addr, eh1, bopts)) != NULL);
        2:  215:  port2 = htons(nc->sa.sin.sin_port);
        2:  216:  ASSERT(port2 > 0);
        -:  217:
        2:  218:  mg_sock_to_str(nc->sock, addr, sizeof(addr), 3);
        2:  219:  ASSERT_EQ(sscanf(addr, "%[^:]:%d", ip, &port), 2);
        2:  220:  ASSERT_STREQ(ip, "127.0.0.1");
        2:  221:  ASSERT_EQ(port, port2);
        -:  222:
        2:  223:  mg_sock_to_str(nc->sock, short_addr, sizeof(short_addr), 3);
        -:  224:#ifndef _WIN32
        2:  225:  ASSERT_STREQ(short_addr, "");
        -:  226:#else
        -:  227:  /* We use `inet_ntoa` in Windows, so, can get partial result */
        -:  228:  ASSERT_STREQ(short_addr, "127.");
        -:  229:#endif
        -:  230:
        2:  231:  ASSERT((nc = mg_connect(&mgr, addr, eh1)) != NULL);
        -:  232:#if MG_ENABLE_SSL
        2:  233:  if (use_ssl) {
        1:  234:    ASSERT(mg_set_ssl(nc, C_PEM, CA_PEM) == NULL);
        -:  235:  }
        -:  236:#endif
        2:  237:  nc->user_data = buf;
        2:  238:  poll_until(&mgr, 1, c_str_ne, buf, (void *) "");
        2:  239:  ASSERT_STREQ(buf, "ok!");
        2:  240:  buf[0] = '\0';
        -:  241:
        -:  242:#if MG_ENABLE_SSL
        2:  243:  if (use_ssl) {
        -:  244:    struct mg_connect_opts opts;
        1:  245:    memset(&opts, 0, sizeof(opts));
        1:  246:    opts.user_data = buf;
        1:  247:    opts.ssl_cert = C_PEM;
        1:  248:    opts.ssl_ca_cert = CA_PEM;
        1:  249:    opts.ssl_server_name = "*"; /* TODO(rojer): Test this too. */
        1:  250:    ASSERT((nc = mg_connect_opt(&mgr, addr, eh1, opts)) != NULL);
        1:  251:    poll_until(&mgr, 1, c_str_ne, buf, (void *) "");
        1:  252:    ASSERT_STREQ(buf, "ok!");
        1:  253:    buf[0] = '\0';
        -:  254:  }
        -:  255:#endif
        -:  256:
        2:  257:  mg_mgr_free(&mgr);
        2:  258:  return NULL;
        -:  259:}
        -:  260:
        1:  261:static const char *test_mgr(void) {
        1:  262:  return test_mgr_with_ssl(0);
        -:  263:}
        -:  264:
        -:  265:#if MG_ENABLE_SSL
    #####:  266:void *run_manager(void *param) {
    #####:  267:  struct mg_mgr *mgr = (struct mg_mgr *) param;
    #####:  268:  while (((intptr_t) mgr->user_data) == 0) {
    #####:  269:    mg_mgr_poll(mgr, 1000);
        -:  270:  }
    #####:  271:  mg_mgr_free(mgr);
    #####:  272:  free(mgr);
    #####:  273:  return NULL;
        -:  274:}
        -:  275:
        1:  276:static const char *test_ssl(void) {
        1:  277:  return test_mgr_with_ssl(1);
        -:  278:}
        -:  279:
        -:  280:/*
        -:  281: * unfortunately krypton has no BIO so it's hard to test this way
        -:  282: * We still set MG_ENABLE_SSL so that vc6 has a binary to build
        -:  283: */
        -:  284:#ifdef OPENSSL_VERSION_NUMBER
        -:  285:static void eh_hello_server(struct mg_connection *nc, int ev, void *ev_data) {
        -:  286:  (void) ev_data;
        -:  287:  if (ev == MG_EV_ACCEPT) mg_printf(nc, "hello");
        -:  288:}
        -:  289:
        -:  290:static const char *test_modern_crypto(void) {
        -:  291:  char addr[100] = "127.0.0.1:8000";
        -:  292:  struct mg_mgr *mgr = (struct mg_mgr *) malloc(sizeof(*mgr));
        -:  293:  struct mg_connection *nc;
        -:  294:  int port;
        -:  295:
        -:  296:  mg_mgr_init(mgr, NULL);
        -:  297:
        -:  298:  ASSERT((nc = mg_bind(mgr, addr, eh_hello_server)) != NULL);
        -:  299:  port = htons(nc->sa.sin.sin_port);
        -:  300:  ASSERT(port > 0);
        -:  301:  ASSERT(mg_set_ssl(nc, S_PEM, NULL /* no client certs */) == NULL);
        -:  302:  mg_sock_to_str(nc->sock, addr, sizeof(addr),
        -:  303:                 MG_SOCK_STRINGIFY_IP | MG_SOCK_STRINGIFY_PORT);
        -:  304:  mg_start_thread(run_manager, mgr);
        -:  305:
        -:  306:  {
        -:  307:    char buf[100];
        -:  308:/* For older OpenSSL version we have to allow older digests. Then it still tests
        -:  309: * DH. */
        -:  310:#if OPENSSL_VERSION_NUMBER < 0x10000000
        -:  311:    const char *ciphers = "DH:!ADH:AES:MD5:SHA1";
        -:  312:#else
        -:  313:    const char *ciphers = "DH:!ADH:AES:!MD5:!SHA1";
        -:  314:#endif
        -:  315:
        -:  316:    SSL_CTX *ctx = NULL;
        -:  317:    BIO *bio = NULL;
        -:  318:    SSL *ssl = NULL;
        -:  319:
        -:  320:    ctx = SSL_CTX_new(SSLv23_client_method());
        -:  321:    ASSERT(ctx != NULL);
        -:  322:    SSL_CTX_set_verify(ctx, SSL_VERIFY_PEER, NULL);
        -:  323:    SSL_CTX_set_verify_depth(ctx, 1);
        -:  324:    /*
        -:  325:     * These are pretty restrictive settings and should satisfy e.g.
        -:  326:     * Chrome's "modern cryptography" requirements.
        -:  327:     */
        -:  328:    ASSERT_EQ(SSL_CTX_set_cipher_list(nc->ssl_ctx, ciphers), 1);
        -:  329:    ASSERT_EQ(SSL_CTX_load_verify_locations(ctx, CA_PEM, NULL), 1);
        -:  330:    bio = BIO_new_ssl_connect(ctx);
        -:  331:    ASSERT(bio != NULL);
        -:  332:    BIO_get_ssl(bio, &ssl);
        -:  333:    ASSERT(ssl != NULL);
        -:  334:    SSL_set_mode(ssl, SSL_MODE_AUTO_RETRY);
        -:  335:    BIO_set_conn_hostname(bio, addr);
        -:  336:    ASSERT_EQ(BIO_do_connect(bio), 1);
        -:  337:    ASSERT_EQ(BIO_do_handshake(bio), 1);
        -:  338:    ASSERT_EQ(SSL_get_verify_result(ssl), X509_V_OK);
        -:  339:    ASSERT_EQ(BIO_read(bio, buf, 5), 5);
        -:  340:    ASSERT_STREQ_NZ(buf, "hello");
        -:  341:    BIO_free_all(bio);
        -:  342:    SSL_CTX_free(ctx);
        -:  343:  }
        -:  344:
        -:  345:  mgr->user_data = (void *) 1;
        -:  346:  return NULL;
        -:  347:}
        -:  348:#endif /* OPENSSL_VERSION_NUMBER */
        -:  349:#endif /* MG_ENABLE_SSL */
        -:  350:
        1:  351:static const char *test_to64(void) {
        1:  352:  ASSERT_EQ(to64("0"), 0);
        1:  353:  ASSERT_EQ(to64(""), 0);
        1:  354:  ASSERT_EQ(to64("123"), 123);
        1:  355:  ASSERT_EQ(to64("-34"), -34);
        1:  356:  ASSERT_EQ(to64("3566626116"), 3566626116U);
        1:  357:  return NULL;
        -:  358:}
        -:  359:
        1:  360:static const char *test_check_ip_acl(void) {
        1:  361:  uint32_t ip = 0x01020304;
        1:  362:  ASSERT_EQ(mg_check_ip_acl(NULL, ip), 1);
        1:  363:  ASSERT_EQ(mg_check_ip_acl("", ip), 1);
        1:  364:  ASSERT_EQ(mg_check_ip_acl("invalid", ip), -1);
        1:  365:  ASSERT_EQ(mg_check_ip_acl("-0.0.0.0/0", ip), 0);
        1:  366:  ASSERT_EQ(mg_check_ip_acl("-0.0.0.0/0,+1.0.0.0/8", ip), 1);
        1:  367:  ASSERT_EQ(mg_check_ip_acl("-0.0.0.0/0,+1.2.3.4", ip), 1);
        1:  368:  ASSERT_EQ(mg_check_ip_acl("-0.0.0.0/0,+1.0.0.0/16", ip), 0);
        1:  369:  return NULL;
        -:  370:}
        -:  371:
        1:  372:static const char *test_parse_uri(void) {
        -:  373:  struct mg_str uri_out;
        -:  374:  struct mg_str scheme, user_info, host, path, query, fragment;
        -:  375:  unsigned int port;
        -:  376:  {
        1:  377:    struct mg_str uri = MG_MK_STR("foo");
        1:  378:    ASSERT_EQ(mg_parse_uri(uri, NULL, NULL, NULL, NULL, NULL, NULL, NULL), 0);
        -:  379:  }
        -:  380:
        -:  381:  {
        1:  382:    struct mg_str uri = MG_MK_STR("http://user:pw@host:80/foo?bar#baz");
        2:  383:    ASSERT_EQ(mg_parse_uri(uri, &scheme, &user_info, &host, &port, &path,
        -:  384:                           &query, &fragment),
        -:  385:              0);
        -:  386:
        1:  387:    ASSERT_MG_STREQ(scheme, "http");
        1:  388:    ASSERT_MG_STREQ(user_info, "user:pw");
        1:  389:    ASSERT_MG_STREQ(host, "host");
        1:  390:    ASSERT_EQ(port, 80);
        1:  391:    ASSERT_MG_STREQ(path, "/foo");
        1:  392:    ASSERT_MG_STREQ(query, "bar");
        1:  393:    ASSERT_MG_STREQ(fragment, "baz");
        -:  394:
        1:  395:    ASSERT_EQ(mg_assemble_uri(&scheme, &user_info, &host, port, &path, &query,
        -:  396:                              &fragment, 0, &uri_out),
        -:  397:              0);
        1:  398:    ASSERT_MG_STREQ(uri_out, uri.p);
        1:  399:    free((void *) uri_out.p);
        -:  400:  }
        -:  401:
        -:  402:  {
        1:  403:    struct mg_str uri = MG_MK_STR("http://host:80/foo?bar");
        2:  404:    ASSERT_EQ(mg_parse_uri(uri, &scheme, &user_info, &host, &port, &path,
        -:  405:                           &query, &fragment),
        -:  406:              0);
        -:  407:
        1:  408:    ASSERT_MG_STREQ(scheme, "http");
        1:  409:    ASSERT_MG_STREQ(user_info, "");
        1:  410:    ASSERT_MG_STREQ(host, "host");
        1:  411:    ASSERT_EQ(port, 80);
        1:  412:    ASSERT_MG_STREQ(path, "/foo");
        1:  413:    ASSERT_MG_STREQ(query, "bar");
        1:  414:    ASSERT_MG_STREQ(fragment, "");
        -:  415:
        1:  416:    ASSERT_EQ(mg_assemble_uri(&scheme, &user_info, &host, port, &path, &query,
        -:  417:                              &fragment, 0, &uri_out),
        -:  418:              0);
        1:  419:    ASSERT_MG_STREQ(uri_out, uri.p);
        1:  420:    free((void *) uri_out.p);
        -:  421:  }
        -:  422:
        -:  423:  {
        1:  424:    struct mg_str uri = MG_MK_STR("http://host:80/foo#baz");
        2:  425:    ASSERT_EQ(mg_parse_uri(uri, &scheme, &user_info, &host, &port, &path,
        -:  426:                           &query, &fragment),
        -:  427:              0);
        -:  428:
        1:  429:    ASSERT_MG_STREQ(scheme, "http");
        1:  430:    ASSERT_MG_STREQ(user_info, "");
        1:  431:    ASSERT_MG_STREQ(host, "host");
        1:  432:    ASSERT_EQ(port, 80);
        1:  433:    ASSERT_MG_STREQ(path, "/foo");
        1:  434:    ASSERT_MG_STREQ(query, "");
        1:  435:    ASSERT_MG_STREQ(fragment, "baz");
        -:  436:
        1:  437:    ASSERT_EQ(mg_assemble_uri(&scheme, &user_info, &host, port, &path, &query,
        -:  438:                              &fragment, 0, &uri_out),
        -:  439:              0);
        1:  440:    ASSERT_MG_STREQ(uri_out, uri.p);
        1:  441:    free((void *) uri_out.p);
        -:  442:  }
        -:  443:
        -:  444:  {
        1:  445:    struct mg_str uri = MG_MK_STR("http://host:80/foo");
        2:  446:    ASSERT_EQ(mg_parse_uri(uri, &scheme, &user_info, &host, &port, &path,
        -:  447:                           &query, &fragment),
        -:  448:              0);
        -:  449:
        1:  450:    ASSERT_MG_STREQ(scheme, "http");
        1:  451:    ASSERT_MG_STREQ(user_info, "");
        1:  452:    ASSERT_MG_STREQ(host, "host");
        1:  453:    ASSERT_EQ(port, 80);
        1:  454:    ASSERT_MG_STREQ(path, "/foo");
        1:  455:    ASSERT_MG_STREQ(query, "");
        1:  456:    ASSERT_MG_STREQ(fragment, "");
        -:  457:
        1:  458:    ASSERT_EQ(mg_assemble_uri(&scheme, &user_info, &host, port, &path, &query,
        -:  459:                              &fragment, 0, &uri_out),
        -:  460:              0);
        1:  461:    ASSERT_MG_STREQ(uri_out, uri.p);
        1:  462:    free((void *) uri_out.p);
        -:  463:  }
        -:  464:
        -:  465:  {
        1:  466:    struct mg_str uri = MG_MK_STR("http://host/foo");
        2:  467:    ASSERT_EQ(mg_parse_uri(uri, &scheme, &user_info, &host, &port, &path,
        -:  468:                           &query, &fragment),
        -:  469:              0);
        -:  470:
        1:  471:    ASSERT_MG_STREQ(scheme, "http");
        1:  472:    ASSERT_MG_STREQ(user_info, "");
        1:  473:    ASSERT_MG_STREQ(host, "host");
        1:  474:    ASSERT_EQ(port, 0);
        1:  475:    ASSERT_MG_STREQ(path, "/foo");
        1:  476:    ASSERT_MG_STREQ(query, "");
        1:  477:    ASSERT_MG_STREQ(fragment, "");
        -:  478:
        1:  479:    ASSERT_EQ(mg_assemble_uri(&scheme, &user_info, &host, port, &path, &query,
        -:  480:                              &fragment, 0, &uri_out),
        -:  481:              0);
        1:  482:    ASSERT_MG_STREQ(uri_out, uri.p);
        1:  483:    free((void *) uri_out.p);
        -:  484:  }
        -:  485:
        -:  486:  {
        1:  487:    struct mg_str uri = MG_MK_STR("http://host");
        2:  488:    ASSERT_EQ(mg_parse_uri(uri, &scheme, &user_info, &host, &port, &path,
        -:  489:                           &query, &fragment),
        -:  490:              0);
        1:  491:    ASSERT_MG_STREQ(scheme, "http");
        1:  492:    ASSERT_MG_STREQ(user_info, "");
        1:  493:    ASSERT_MG_STREQ(host, "host");
        1:  494:    ASSERT_EQ(port, 0);
        1:  495:    ASSERT_MG_STREQ(path, "");
        1:  496:    ASSERT_MG_STREQ(query, "");
        1:  497:    ASSERT_MG_STREQ(fragment, "");
        -:  498:
        1:  499:    ASSERT_EQ(mg_assemble_uri(&scheme, &user_info, &host, port, &path, &query,
        -:  500:                              &fragment, 0, &uri_out),
        -:  501:              0);
        1:  502:    ASSERT_MG_STREQ(uri_out, uri.p);
        1:  503:    free((void *) uri_out.p);
        -:  504:  }
        -:  505:
        -:  506:  {
        1:  507:    struct mg_str uri = MG_MK_STR("http://host:80");
        2:  508:    ASSERT_EQ(mg_parse_uri(uri, &scheme, &user_info, &host, &port, &path,
        -:  509:                           &query, &fragment),
        -:  510:              0);
        1:  511:    ASSERT_MG_STREQ(scheme, "http");
        1:  512:    ASSERT_MG_STREQ(user_info, "");
        1:  513:    ASSERT_MG_STREQ(host, "host");
        1:  514:    ASSERT_EQ(port, 80);
        1:  515:    ASSERT_MG_STREQ(path, "");
        1:  516:    ASSERT_MG_STREQ(query, "");
        1:  517:    ASSERT_MG_STREQ(fragment, "");
        -:  518:
        1:  519:    ASSERT_EQ(mg_assemble_uri(&scheme, &user_info, &host, port, &path, &query,
        -:  520:                              &fragment, 0, &uri_out),
        -:  521:              0);
        1:  522:    ASSERT_MG_STREQ(uri_out, uri.p);
        1:  523:    free((void *) uri_out.p);
        -:  524:  }
        -:  525:
        -:  526:  {
        1:  527:    struct mg_str uri = MG_MK_STR("tcp://1.2.3.4:5678");
        2:  528:    ASSERT_EQ(mg_parse_uri(uri, &scheme, &user_info, &host, &port, &path,
        -:  529:                           &query, &fragment),
        -:  530:              0);
        1:  531:    ASSERT_MG_STREQ(scheme, "tcp");
        1:  532:    ASSERT_MG_STREQ(user_info, "");
        1:  533:    ASSERT_MG_STREQ(host, "1.2.3.4");
        1:  534:    ASSERT_EQ(port, 5678);
        1:  535:    ASSERT_MG_STREQ(path, "");
        1:  536:    ASSERT_MG_STREQ(query, "");
        1:  537:    ASSERT_MG_STREQ(fragment, "");
        -:  538:
        1:  539:    ASSERT_EQ(mg_assemble_uri(&scheme, &user_info, &host, port, &path, &query,
        -:  540:                              &fragment, 0, &uri_out),
        -:  541:              0);
        1:  542:    ASSERT_MG_STREQ(uri_out, uri.p);
        1:  543:    free((void *) uri_out.p);
        -:  544:  }
        -:  545:
        -:  546:  {
        -:  547:    const struct mg_str uri = MG_MK_STR("tcp://[::1]:234");
        2:  548:    ASSERT_EQ(mg_parse_uri(uri, &scheme, &user_info, &host, &port, &path,
        -:  549:                           &query, &fragment),
        -:  550:              0);
        1:  551:    ASSERT_MG_STREQ(scheme, "tcp");
        1:  552:    ASSERT_MG_STREQ(user_info, "");
        1:  553:    ASSERT_MG_STREQ(host, "[::1]");
        1:  554:    ASSERT_EQ(port, 234);
        1:  555:    ASSERT_EQ(path.len, 0);
        1:  556:    ASSERT_EQ(query.len, 0);
        1:  557:    ASSERT_EQ(fragment.len, 0);
        1:  558:    ASSERT_MG_STREQ(path, "");
        1:  559:    ASSERT_MG_STREQ(query, "");
        1:  560:    ASSERT_MG_STREQ(fragment, "");
        -:  561:
        1:  562:    ASSERT_EQ(mg_assemble_uri(&scheme, &user_info, &host, port, &path, &query,
        -:  563:                              &fragment, 0, &uri_out),
        -:  564:              0);
        1:  565:    ASSERT_MG_STREQ(uri_out, uri.p);
        1:  566:    free((void *) uri_out.p);
        -:  567:  }
        -:  568:
        -:  569:  {
        -:  570:    const struct mg_str uri = MG_MK_STR("tcp://[::1]");
        1:  571:    ASSERT_EQ(mg_parse_uri(uri, &scheme, &user_info, &host, &port, &path,
        -:  572:                           &query, &fragment),
        -:  573:              0);
        1:  574:    ASSERT_MG_STREQ(scheme, "tcp");
        1:  575:    ASSERT_MG_STREQ(user_info, "");
        1:  576:    ASSERT_MG_STREQ(host, "[::1]");
        1:  577:    ASSERT_EQ(port, 0);
        1:  578:    ASSERT_MG_STREQ(path, "");
        1:  579:    ASSERT_MG_STREQ(query, "");
        1:  580:    ASSERT_MG_STREQ(fragment, "");
        -:  581:
        1:  582:    ASSERT_EQ(mg_assemble_uri(&scheme, &user_info, &host, port, &path, &query,
        -:  583:                              &fragment, 0, &uri_out),
        -:  584:              0);
        1:  585:    ASSERT_MG_STREQ(uri_out, uri.p);
        1:  586:    free((void *) uri_out.p);
        -:  587:  }
        -:  588:
        -:  589:  {
        -:  590:    const struct mg_str uri = MG_MK_STR("tcp://[::1");
        1:  591:    ASSERT_EQ(mg_parse_uri(uri, &scheme, &user_info, &host, &port, &path,
        -:  592:                           &query, &fragment),
        -:  593:              -1);
        -:  594:  }
        -:  595:
        -:  596:  {
        1:  597:    struct mg_str uri = MG_MK_STR("host:80");
        1:  598:    ASSERT_EQ(mg_parse_uri(uri, &scheme, &user_info, &host, &port, &path,
        -:  599:                           &query, &fragment),
        -:  600:              0);
        1:  601:    ASSERT_MG_STREQ(scheme, "");
        1:  602:    ASSERT_MG_STREQ(user_info, "");
        1:  603:    ASSERT_MG_STREQ(host, "host");
        1:  604:    ASSERT_EQ(port, 80);
        1:  605:    ASSERT_MG_STREQ(path, "");
        1:  606:    ASSERT_MG_STREQ(query, "");
        1:  607:    ASSERT_MG_STREQ(fragment, "");
        -:  608:
        1:  609:    ASSERT_EQ(mg_assemble_uri(&scheme, &user_info, &host, port, &path, &query,
        -:  610:                              &fragment, 0, &uri_out),
        -:  611:              0);
        1:  612:    ASSERT_MG_STREQ(uri_out, uri.p);
        1:  613:    free((void *) uri_out.p);
        -:  614:  }
        -:  615:
        -:  616:  {
        -:  617:    const struct mg_str uri = MG_MK_STR("1.2.3.4:56789");
        2:  618:    ASSERT_EQ(mg_parse_uri(uri, &scheme, &user_info, &host, &port, &path,
        -:  619:                           &query, &fragment),
        -:  620:              0);
        1:  621:    ASSERT_MG_STREQ(scheme, "");
        1:  622:    ASSERT_MG_STREQ(user_info, "");
        1:  623:    ASSERT_MG_STREQ(host, "1.2.3.4");
        1:  624:    ASSERT_EQ(port, 56789);
        1:  625:    ASSERT_MG_STREQ(path, "");
        1:  626:    ASSERT_MG_STREQ(query, "");
        1:  627:    ASSERT_MG_STREQ(fragment, "");
        -:  628:
        1:  629:    ASSERT_EQ(mg_assemble_uri(&scheme, &user_info, &host, port, &path, &query,
        -:  630:                              &fragment, 0, &uri_out),
        -:  631:              0);
        1:  632:    ASSERT_MG_STREQ(uri_out, uri.p);
        1:  633:    free((void *) uri_out.p);
        -:  634:  }
        -:  635:
        -:  636:  {
        -:  637:    const struct mg_str uri = MG_MK_STR("[::1]:2345");
        1:  638:    ASSERT_EQ(mg_parse_uri(uri, &scheme, &user_info, &host, &port, &path,
        -:  639:                           &query, &fragment),
        -:  640:              0);
        1:  641:    ASSERT_MG_STREQ(scheme, "");
        1:  642:    ASSERT_MG_STREQ(user_info, "");
        1:  643:    ASSERT_MG_STREQ(host, "[::1]");
        1:  644:    ASSERT_EQ(port, 2345);
        1:  645:    ASSERT_MG_STREQ(path, "");
        1:  646:    ASSERT_MG_STREQ(query, "");
        1:  647:    ASSERT_MG_STREQ(fragment, "");
        -:  648:
        1:  649:    ASSERT_EQ(mg_assemble_uri(&scheme, &user_info, &host, port, &path, &query,
        -:  650:                              &fragment, 0, &uri_out),
        -:  651:              0);
        1:  652:    ASSERT_MG_STREQ(uri_out, uri.p);
        1:  653:    free((void *) uri_out.p);
        -:  654:  }
        -:  655:
        -:  656:  {
        -:  657:    const struct mg_str uri = MG_MK_STR("[::1]");
        1:  658:    ASSERT_EQ(mg_parse_uri(uri, &scheme, &user_info, &host, &port, &path,
        -:  659:                           &query, &fragment),
        -:  660:              0);
        1:  661:    ASSERT_MG_STREQ(scheme, "");
        1:  662:    ASSERT_MG_STREQ(user_info, "");
        1:  663:    ASSERT_MG_STREQ(host, "[::1]");
        1:  664:    ASSERT_EQ(port, 0);
        1:  665:    ASSERT_MG_STREQ(path, "");
        1:  666:    ASSERT_MG_STREQ(query, "");
        1:  667:    ASSERT_MG_STREQ(fragment, "");
        -:  668:
        1:  669:    ASSERT_EQ(mg_assemble_uri(&scheme, &user_info, &host, port, &path, &query,
        -:  670:                              &fragment, 0, &uri_out),
        -:  671:              0);
        1:  672:    ASSERT_MG_STREQ(uri_out, uri.p);
        1:  673:    free((void *) uri_out.p);
        -:  674:  }
        -:  675:
        -:  676:  {
        1:  677:    struct mg_str uri = MG_MK_STR("host/foo");
        1:  678:    ASSERT_EQ(mg_parse_uri(uri, &scheme, &user_info, &host, &port, &path,
        -:  679:                           &query, &fragment),
        -:  680:              0);
        1:  681:    ASSERT_MG_STREQ(scheme, "");
        1:  682:    ASSERT_MG_STREQ(user_info, "");
        1:  683:    ASSERT_MG_STREQ(host, "host");
        1:  684:    ASSERT_EQ(port, 0);
        1:  685:    ASSERT_MG_STREQ(path, "/foo");
        1:  686:    ASSERT_EQ(query.len, 0);
        1:  687:    ASSERT_EQ(fragment.len, 0);
        -:  688:
        1:  689:    ASSERT_EQ(mg_assemble_uri(&scheme, &user_info, &host, port, &path, &query,
        -:  690:                              &fragment, 0, &uri_out),
        -:  691:              0);
        1:  692:    ASSERT_MG_STREQ(uri_out, uri.p);
        1:  693:    free((void *) uri_out.p);
        -:  694:  }
        -:  695:
        -:  696:  {
        1:  697:    struct mg_str uri = MG_MK_STR("https://a.com/foo/x@y.z/fw.zip");
        2:  698:    ASSERT_EQ(mg_parse_uri(uri, &scheme, &user_info, &host, &port, &path,
        -:  699:                           &query, &fragment),
        -:  700:              0);
        1:  701:    ASSERT_MG_STREQ(scheme, "https");
        1:  702:    ASSERT_MG_STREQ(user_info, "");
        1:  703:    ASSERT_MG_STREQ(host, "a.com");
        1:  704:    ASSERT_EQ(port, 0);
        1:  705:    ASSERT_MG_STREQ(path, "/foo/x@y.z/fw.zip");
        1:  706:    ASSERT_EQ(query.len, 0);
        1:  707:    ASSERT_EQ(fragment.len, 0);
        -:  708:
        1:  709:    ASSERT_EQ(mg_assemble_uri(&scheme, &user_info, &host, port, &path, &query,
        -:  710:                              &fragment, 0, &uri_out),
        -:  711:              0);
        1:  712:    ASSERT_MG_STREQ(uri_out, uri.p);
        1:  713:    free((void *) uri_out.p);
        -:  714:  }
        -:  715:
        1:  716:  return NULL;
        -:  717:}
        -:  718:
        1:  719:static const char *test_assemble_uri(void) {
        -:  720:  struct mg_str scheme, path, uri;
        -:  721:  {
        1:  722:    ASSERT_EQ(mg_assemble_uri(NULL, NULL, NULL, 0, NULL, NULL, NULL, 0, &uri),
        -:  723:              0);
        1:  724:    ASSERT_MG_STREQ(uri, "");
        -:  725:  }
        -:  726:
        -:  727:  {
        1:  728:    scheme = mg_mk_str("file");
        1:  729:    path = mg_mk_str("/foo/bar");
        1:  730:    ASSERT_EQ(
        -:  731:        mg_assemble_uri(&scheme, NULL, NULL, 0, &path, NULL, NULL, 0, &uri), 0);
        1:  732:    ASSERT_MG_STREQ(uri, "file:///foo/bar");
        1:  733:    free((void *) uri.p);
        -:  734:  }
        -:  735:
        -:  736:  {
        1:  737:    scheme = mg_mk_str("file");
        1:  738:    path = mg_mk_str("/foo/.././bar/baz");
        1:  739:    ASSERT_EQ(
        -:  740:        mg_assemble_uri(&scheme, NULL, NULL, 0, &path, NULL, NULL, 0, &uri), 0);
        1:  741:    ASSERT_MG_STREQ(uri, "file:///foo/.././bar/baz");
        1:  742:    free((void *) uri.p);
        1:  743:    ASSERT_EQ(
        -:  744:        mg_assemble_uri(&scheme, NULL, NULL, 0, &path, NULL, NULL, 1, &uri), 0);
        1:  745:    ASSERT_MG_STREQ(uri, "file:///bar/baz");
        1:  746:    free((void *) uri.p);
        -:  747:  }
        -:  748:
        1:  749:  return NULL;
        -:  750:}
        -:  751:
        -:  752:/* TODO(mkm) port these test cases to the new async parse_address */
        1:  753:static const char *test_parse_address(void) {
        -:  754:  static const char *valid[] = {
        -:  755:    "1",
        -:  756:    "1.2.3.4:1",
        -:  757:    "tcp://123",
        -:  758:    "udp://0.0.0.0:99",
        -:  759:#ifndef _WIN32 /* No /etc/hosts on Windows. */
        -:  760:    "tcp://localhost:99",
        -:  761:#endif
        -:  762:    ":8080",
        -:  763:#if MG_ENABLE_IPV6
        -:  764:    "udp://[::1]:123",
        -:  765:    "[3ffe:2a00:100:7031::1]:900",
        -:  766:#endif
        -:  767:    NULL
        -:  768:  };
        -:  769:  static const int protos[] = {
        -:  770:    SOCK_STREAM,
        -:  771:    SOCK_STREAM,
        -:  772:    SOCK_STREAM,
        -:  773:    SOCK_DGRAM,
        -:  774:    SOCK_STREAM,
        -:  775:    SOCK_STREAM
        -:  776:#if MG_ENABLE_IPV6
        -:  777:    ,
        -:  778:    SOCK_DGRAM,
        -:  779:    SOCK_STREAM
        -:  780:#endif
        -:  781:  };
        -:  782:  static const char *need_lookup[] = {"udp://a.com:53", "locl_host:12", NULL};
        -:  783:  static const char *invalid[] = {
        -:  784:      "99999", "1k", "1.2.3", "1.2.3.4:", "1.2.3.4:2p", "blah://12", ":123x",
        -:  785:      "veeeeeeeeeeeeeeeeeeeeeeeeeeeeeeeeeeeeeeeeeeeeeeeeeeeeeeery.long:12345",
        -:  786:      "udp://missingport", NULL};
        -:  787:  char host[50];
        -:  788:  union socket_address sa;
        -:  789:  int i, proto;
        -:  790:
        9:  791:  for (i = 0; valid[i] != NULL; i++) {
        8:  792:    ASSERT(mg_parse_address(valid[i], &sa, &proto, host, sizeof(host)) > 0);
        8:  793:    ASSERT_EQ(proto, protos[i]);
        -:  794:  }
        -:  795:
       10:  796:  for (i = 0; invalid[i] != NULL; i++) {
        9:  797:    ASSERT_EQ(mg_parse_address(invalid[i], &sa, &proto, host, sizeof(host)),
        -:  798:              -1);
        -:  799:  }
        -:  800:
        3:  801:  for (i = 0; need_lookup[i] != NULL; i++) {
        2:  802:    ASSERT_EQ(mg_parse_address(need_lookup[i], &sa, &proto, host, sizeof(host)),
        -:  803:              0);
        -:  804:  }
        -:  805:
        1:  806:  return NULL;
        -:  807:}
        -:  808:
        -:  809:#define CHECK_MGNP(in, exp_rv, exp_out)     \
        -:  810:  do {                                      \
        -:  811:    int rv;                                 \
        -:  812:    struct mg_str mgs;                      \
        -:  813:    char *in_copy = strdup(in);             \
        -:  814:    mgs.p = in_copy;                        \
        -:  815:    mgs.len = strlen(in);                   \
        -:  816:    rv = mg_normalize_uri_path(&mgs, &mgs); \
        -:  817:    ASSERT_EQ(rv, exp_rv);                  \
        -:  818:    if (rv > 0) {                           \
        -:  819:      ASSERT_MG_STREQ(mgs, exp_out);        \
        -:  820:    }                                       \
        -:  821:    MG_FREE(in_copy);                       \
        -:  822:  } while (0)
        -:  823:
        1:  824:static const char *test_mg_normalize_uri_path(void) {
        1:  825:  CHECK_MGNP("", 0, "");
        2:  826:  CHECK_MGNP("x", 0, "");
        2:  827:  CHECK_MGNP("/", 1, "/");
        2:  828:  CHECK_MGNP("//", 1, "//");
        2:  829:  CHECK_MGNP("/.", 1, "/");
        2:  830:  CHECK_MGNP("//.", 1, "//");
        2:  831:  CHECK_MGNP("/..", 1, "/");
        2:  832:  CHECK_MGNP("//..", 1, "/");
        2:  833:  CHECK_MGNP("///..", 1, "//");
        2:  834:  CHECK_MGNP("/./", 1, "/");
        2:  835:  CHECK_MGNP("/.//", 1, "//");
        2:  836:  CHECK_MGNP("/./.", 1, "/");
        2:  837:  CHECK_MGNP("/.//.", 1, "//");
        2:  838:  CHECK_MGNP("/foo", 1, "/foo");
        2:  839:  CHECK_MGNP("/foo/", 1, "/foo/");
        2:  840:  CHECK_MGNP("/foo/.", 1, "/foo/");
        2:  841:  CHECK_MGNP("/foo/./", 1, "/foo/");
        2:  842:  CHECK_MGNP("/foo/..", 1, "/");
        2:  843:  CHECK_MGNP("/foo/../", 1, "/");
        2:  844:  CHECK_MGNP("/foo/../bar", 1, "/bar");
        2:  845:  CHECK_MGNP("/foo/../bar/", 1, "/bar/");
        2:  846:  CHECK_MGNP("/foo/../../bar", 1, "/bar");
        2:  847:  CHECK_MGNP("/foo////bar/", 1, "/foo////bar/");
        -:  848:  /* No percent-decoding. */
        2:  849:  CHECK_MGNP("/fo%2fo/%2e%2e/%2e/bar", 1, "/fo%2fo/%2e%2e/%2e/bar");
        1:  850:  return NULL;
        -:  851:}
        -:  852:
        -:  853:#define CHECK_U2LP(u, exp_rv, exp_lp, exp_rem)      \
        -:  854:  do {                                              \
        -:  855:    int rv;                                         \
        -:  856:    char *lp = NULL;                                \
        -:  857:    struct mg_str r;                                \
        -:  858:    hm.uri.p = u;                                   \
        -:  859:    hm.uri.len = strlen(u);                         \
        -:  860:    rv = mg_uri_to_local_path(&hm, &opts, &lp, &r); \
        -:  861:    ASSERT_EQ(rv, exp_rv);                          \
        -:  862:    if (rv == 1) {                                  \
        -:  863:      ASSERT_STREQ(lp, exp_lp);                     \
        -:  864:      ASSERT_MG_STREQ(r, exp_rem);                  \
        -:  865:      MG_FREE(lp);                                  \
        -:  866:    }                                               \
        -:  867:  } while (0)
        -:  868:
        -:  869:#ifdef _WIN32
        -:  870:#define DS "\\"
        -:  871:#else
        -:  872:#define DS "/"
        -:  873:#endif
        -:  874:
        1:  875:static const char *test_mg_uri_to_local_path(void) {
        -:  876:  struct http_message hm;
        -:  877:  struct mg_serve_http_opts opts;
        1:  878:  memset(&hm, 0, sizeof(hm));
        1:  879:  memset(&opts, 0, sizeof(opts));
        1:  880:  opts.document_root = ".";
        1:  881:  CHECK_U2LP("/", 1, ".", "");
        2:  882:  CHECK_U2LP("//", 1, ".", "");
        2:  883:  CHECK_U2LP("/.", 1, ".", "");
        2:  884:  CHECK_U2LP("/%2e", 1, ".", "");
        2:  885:  CHECK_U2LP("//.", 1, ".", "");
        2:  886:  CHECK_U2LP("/..", 1, ".", "");
        2:  887:  CHECK_U2LP("//..", 1, ".", "");
        2:  888:  CHECK_U2LP("/./", 1, ".", "");
        2:  889:  CHECK_U2LP("/%2E/", 1, ".", "");
        2:  890:  CHECK_U2LP("/.//", 1, ".", "");
        2:  891:  CHECK_U2LP("/./.", 1, ".", "");
        2:  892:  CHECK_U2LP("/.//.", 1, ".", "");
        2:  893:  CHECK_U2LP("/data", 1, "." DS "data", "");
        2:  894:  CHECK_U2LP("/data/", 1, "." DS "data", "");
        2:  895:  CHECK_U2LP("/data/.", 1, "." DS "data", "");
        2:  896:  CHECK_U2LP("/data/./", 1, "." DS "data", "");
        2:  897:  CHECK_U2LP("/data/..", 1, ".", "");
        2:  898:  CHECK_U2LP("/data/../", 1, ".", "");
        2:  899:  CHECK_U2LP("/data/../data", 1, "." DS "data", "");
        2:  900:  CHECK_U2LP("/data/../../data", 1, "." DS "data", "");
        2:  901:  CHECK_U2LP("/no/such/file", 1, "." DS "no" DS "such" DS "file", "");
        2:  902:  CHECK_U2LP("/data/no/such/file", 1, "." DS "data" DS "no" DS "such" DS "file",
        -:  903:             "");
        2:  904:  CHECK_U2LP("/data/dummy.xml/", 1, "." DS "data" DS "dummy.xml", "/");
        2:  905:  CHECK_U2LP("/./data/./%2E/dummy.xml", 1, "." DS "data" DS "dummy.xml", "");
        -:  906:  /* No DIRSEPs in path. */
        2:  907:  CHECK_U2LP("/data%2Fdummy%2Exml/in%2Ffo/", 0, "", "");
        -:  908:  /* Ok in PATH_INFO. */
        2:  909:  CHECK_U2LP("/data/dummy%2Exml/in%2Ffo/", 1, "." DS "data" DS "dummy.xml",
        -:  910:             "/in%2Ffo/");
        -:  911:  /* Test rewrites */
        1:  912:  opts.url_rewrites = "/foo=/bar,/=/xxx";
        2:  913:  CHECK_U2LP("/", 1, "/xxx", "");
        2:  914:  CHECK_U2LP("/yyy", 1, "/xxx" DS "yyy", "");
        2:  915:  CHECK_U2LP("/foo/baz", 1, "/bar" DS "baz", "");
        -:  916:  /* /foo does not match - must fall on the boundary, / matches. */
        2:  917:  CHECK_U2LP("/foobario/baz", 1, "/xxx" DS "foobario" DS "baz", "");
        1:  918:  opts.url_rewrites = "**=/xxx";
        2:  919:  CHECK_U2LP("/", 1, "/xxx", "");
        2:  920:  CHECK_U2LP("/yyy", 1, "/xxx", "");
        1:  921:  hm.header_names[0] = mg_mk_str("Host");
        1:  922:  hm.header_values[0] = mg_mk_str("example.org");
        1:  923:  opts.url_rewrites = "@EXAMPLE.org=/test";
        2:  924:  CHECK_U2LP("/hello", 1, "/test" DS "hello", "");
        1:  925:  return NULL;
        -:  926:}
        -:  927:
        1:  928:static const char *test_mg_url_encode(void) {
        -:  929:  const struct mg_str encode_me =
        -:  930:      MG_MK_STR("I'm a.little_tea-pot,here's$my;spout~oink(oink)oink/!");
        -:  931:  {
        1:  932:    struct mg_str encoded = mg_url_encode(encode_me);
        1:  933:    ASSERT_MG_STREQ(
        -:  934:        encoded,
        -:  935:        "I%27m%20a.little_tea-pot,here%27s$my;spout~oink(oink)oink/%21");
        1:  936:    free((void *) encoded.p);
        -:  937:  }
        -:  938:  {
        1:  939:    struct mg_str encoded = mg_url_encode_opt(encode_me, mg_mk_str(NULL), 0);
        1:  940:    ASSERT_MG_STREQ(encoded,
        -:  941:                    "I%27m%20a%2elittle%5ftea%2dpot%2chere%27s%24my%3bspout%"
        -:  942:                    "7eoink%28oink%29oink%2f%21");
        1:  943:    free((void *) encoded.p);
        -:  944:  }
        -:  945:  {
        1:  946:    struct mg_str encoded = mg_url_encode_opt(encode_me, mg_mk_str(" /!"),
        -:  947:                                              MG_URL_ENCODE_F_UPPERCASE_HEX);
        1:  948:    ASSERT_MG_STREQ(encoded,
        -:  949:                    "I%27m "
        -:  950:                    "a%2Elittle%5Ftea%2Dpot%2Chere%27s%24my%3Bspout%7Eoink%"
        -:  951:                    "28oink%29oink/!");
        1:  952:    free((void *) encoded.p);
        -:  953:  }
        -:  954:  {
        1:  955:    struct mg_str encoded = mg_url_encode_opt(
        -:  956:        encode_me, mg_mk_str("/!"),
        -:  957:        MG_URL_ENCODE_F_SPACE_AS_PLUS | MG_URL_ENCODE_F_UPPERCASE_HEX);
        1:  958:    ASSERT_MG_STREQ(encoded,
        -:  959:                    "I%27m+a%2Elittle%5Ftea%2Dpot%2Chere%27s%24my%3Bspout%"
        -:  960:                    "7Eoink%28oink%29oink/!");
        1:  961:    free((void *) encoded.p);
        -:  962:  }
        1:  963:  return NULL;
        -:  964:}
        -:  965:
        2:  966:static void connect_fail_cb(struct mg_connection *nc, int ev, void *p) {
        2:  967:  switch (ev) {
        1:  968:    case MG_EV_CONNECT:
        -:  969:      /* On connection success, set flag 1, else set 4 */
        1:  970:      *(int *) nc->user_data |= *(int *) p == 0 ? 1 : 4;
        1:  971:      break;
        1:  972:    case MG_EV_CLOSE:
        1:  973:      *(int *) nc->user_data |= 2;
        1:  974:      break;
        -:  975:  }
        2:  976:}
        -:  977:
    #####:  978:static void ev_handler_empty(struct mg_connection *nc, int ev, void *p) {
        -:  979:  (void) nc;
        -:  980:  (void) ev;
        -:  981:  (void) p;
    #####:  982:}
        -:  983:
        1:  984:static const char *test_connection_errors(void) {
        -:  985:  struct mg_mgr mgr;
        -:  986:  struct mg_bind_opts bopts;
        -:  987:  struct mg_connect_opts copts;
        -:  988:  struct mg_connection *nc;
        -:  989:  const char *error_string;
        1:  990:  int data = 0;
        -:  991:
        1:  992:  mg_mgr_init(&mgr, NULL);
        -:  993:
        1:  994:  memset(&bopts, 0, sizeof(bopts));
        1:  995:  bopts.error_string = &error_string;
        -:  996:
        1:  997:  ASSERT(mg_bind_opt(&mgr, "blah://12", NULL, bopts) == NULL);
        1:  998:  ASSERT_STREQ(error_string, "handler is required");
        -:  999:
        1: 1000:  ASSERT(mg_bind_opt(&mgr, "blah://12", ev_handler_empty, bopts) == NULL);
        1: 1001:  ASSERT_STREQ(error_string, "cannot parse address");
        -: 1002:
        1: 1003:  ASSERT(mg_bind_opt(&mgr, "tcp://8.8.8.8:88", ev_handler_empty, bopts) ==
        -: 1004:         NULL);
        1: 1005:  ASSERT_STREQ(error_string, "failed to open listener");
        -: 1006:
        -: 1007:#if MG_ENABLE_SSL
        1: 1008:  bopts.ssl_cert = S_PEM;
        1: 1009:  ASSERT(mg_bind_opt(&mgr, "udp://:0", ev_handler_empty, bopts) == NULL);
        1: 1010:  ASSERT_STREQ(error_string, "SSL for UDP is not supported");
        1: 1011:  bopts.ssl_cert = "no_such_file";
        1: 1012:  ASSERT(mg_bind_opt(&mgr, "tcp://:0", ev_handler_empty, bopts) == NULL);
        1: 1013:  ASSERT_STREQ(error_string, "Invalid SSL cert");
        1: 1014:  bopts.ssl_cert = NULL;
        1: 1015:  bopts.ssl_ca_cert = "no_such_file";
        1: 1016:  ASSERT(mg_bind_opt(&mgr, "tcp://:0", ev_handler_empty, bopts) == NULL);
        1: 1017:  ASSERT_STREQ(error_string, "Invalid SSL CA cert");
        -: 1018:#endif
        -: 1019:
        1: 1020:  memset(&copts, 0, sizeof(copts));
        1: 1021:  copts.error_string = &error_string;
        -: 1022:
        -: 1023:#if 0
        -: 1024:  copts.error_string = &error_string;
        -: 1025:  ASSERT(mg_connect_opt(&mgr, "tcp://255.255.255.255:0", NULL, copts) == NULL);
        -: 1026:  ASSERT_STREQ(error_string, "cannot connect to socket");
        -: 1027:
        -: 1028:  copts.user_data = &data;
        -: 1029:  ASSERT(mg_connect_opt(&mgr, "tcp://255.255.255.255:0", connect_fail_cb,
        -: 1030:                        copts) == NULL);
        -: 1031:  ASSERT_STREQ(error_string, "cannot connect to socket");
        -: 1032:  /* handler isn't invoked when it fails synchronously */
        -: 1033:  ASSERT_EQ(data, 0);
        -: 1034:#endif
        -: 1035:
        1: 1036:  data = 0;
        1: 1037:  copts.user_data = &data;
        1: 1038:  ASSERT((nc = mg_connect_opt(&mgr, "tcp://does.not.exist:8080",
        -: 1039:                              connect_fail_cb, copts)) != NULL);
        -: 1040:
        -: 1041:  /* handler is invoked when it fails asynchronously */
        1: 1042:  poll_until(&mgr, 5, c_int_eq, &data, (void *) 6);
        1: 1043:  ASSERT_EQ(data, 6);
        -: 1044:
        -: 1045:  /* mg_bind() does not use MG_CALLOC, but async resolver does */
        1: 1046:  test_calloc = failing_calloc;
        -: 1047:#ifndef _WIN32
        1: 1048:  ASSERT(mg_connect(&mgr, "some.domain.needs.async.resolv:777", NULL) == NULL);
        1: 1049:  ASSERT(mg_bind(&mgr, ":4321", NULL) == NULL);
        -: 1050:#endif
        1: 1051:  test_calloc = TEST_MG_CALLOC;
        -: 1052:
        -: 1053:#if MG_ENABLE_SSL
        1: 1054:  copts.ssl_cert = "no_such_file";
        1: 1055:  ASSERT((nc = mg_connect_opt(&mgr, "tcp://google.com:80", connect_fail_cb,
        -: 1056:                              copts)) == NULL);
        1: 1057:  ASSERT_STREQ(error_string, "Invalid SSL cert");
        1: 1058:  copts.ssl_cert = NULL;
        1: 1059:  copts.ssl_ca_cert = "no_such_file";
        1: 1060:  ASSERT((nc = mg_connect_opt(&mgr, "tcp://google.com:80", connect_fail_cb,
        -: 1061:                              copts)) == NULL);
        1: 1062:  ASSERT_STREQ(error_string, "Invalid SSL CA cert");
        -: 1063:#endif
        -: 1064:
        1: 1065:  mg_mgr_free(&mgr);
        1: 1066:  return NULL;
        -: 1067:}
        -: 1068:
        2: 1069:static int avt(char **buf, size_t buf_size, const char *fmt, ...) {
        -: 1070:  int result;
        -: 1071:  va_list ap;
        2: 1072:  va_start(ap, fmt);
        2: 1073:  result = mg_avprintf(buf, buf_size, fmt, ap);
        2: 1074:  va_end(ap);
        2: 1075:  return result;
        -: 1076:}
        -: 1077:
        1: 1078:static const char *test_alloc_vprintf(void) {
        1: 1079:  char buf[5], *p = buf;
        -: 1080:
        1: 1081:  ASSERT_EQ(avt(&p, sizeof(buf), "%d", 123), 3);
        1: 1082:  ASSERT(p == buf);
        1: 1083:  ASSERT_STREQ(p, "123");
        -: 1084:
        1: 1085:  ASSERT_EQ(avt(&p, sizeof(buf), "%d", 123456789), 9);
        1: 1086:  ASSERT(p != buf);
        1: 1087:  ASSERT_STREQ(p, "123456789");
        1: 1088:  free(p);
        -: 1089:
        1: 1090:  return NULL;
        -: 1091:}
        -: 1092:
        1: 1093:static const char *test_socketpair(void) {
        -: 1094:  sock_t sp[2];
        -: 1095:  static const char foo[] = "hi there";
        -: 1096:  char buf[20];
        -: 1097:
        1: 1098:  ASSERT_EQ(mg_socketpair(sp, SOCK_DGRAM), 1);
        1: 1099:  ASSERT(sizeof(foo) < sizeof(buf));
        -: 1100:
        -: 1101:  /* Send string in one direction */
        1: 1102:  ASSERT_EQ(send(sp[0], foo, sizeof(foo), 0), sizeof(foo));
        1: 1103:  ASSERT_EQ(recv(sp[1], buf, sizeof(buf), 0), sizeof(foo));
        1: 1104:  ASSERT_STREQ(buf, "hi there");
        -: 1105:
        -: 1106:  /* Now in opposite direction */
        1: 1107:  ASSERT_EQ(send(sp[1], foo, sizeof(foo), 0), sizeof(foo));
        1: 1108:  ASSERT_EQ(recv(sp[0], buf, sizeof(buf), 0), sizeof(foo));
        1: 1109:  ASSERT_STREQ(buf, "hi there");
        -: 1110:
        1: 1111:  closesocket(sp[0]);
        1: 1112:  closesocket(sp[1]);
        -: 1113:
        1: 1114:  return NULL;
        -: 1115:}
        -: 1116:
        8: 1117:static void ev_timer_handler(struct mg_connection *c, int ev, void *ev_data) {
        -: 1118:  (void) ev_data;
        8: 1119:  switch (ev) {
        2: 1120:    case MG_EV_TIMER:
        2: 1121:      (*(int *) c->user_data)++;
        2: 1122:      break;
        2: 1123:    case MG_EV_CLOSE:
        -: 1124:      /* Make sure we're alive. Make the ASSERTs fail if we're here. */
        2: 1125:      (*(int *) c->user_data) += 100;
        2: 1126:      break;
        -: 1127:  }
        8: 1128:}
        -: 1129:
        1: 1130:static const char *test_timer(void) {
        -: 1131:  struct mg_mgr m;
        -: 1132:  struct mg_connection *c;
        -: 1133:  double begin, end;
        1: 1134:  int n = 0, i;
        -: 1135:
        1: 1136:  mg_mgr_init(&m, NULL);
        1: 1137:  ASSERT((c = mg_add_sock(&m, INVALID_SOCKET, ev_timer_handler)) != NULL);
        1: 1138:  c->user_data = &n;
        -: 1139:
        -: 1140:  /* MG_EV_TIMER should not fire - we did not set it up */
        1: 1141:  mg_mgr_poll(&m, 1);
        1: 1142:  ASSERT_EQ(n, 0);
        -: 1143:
        -: 1144:  /*
        -: 1145:   * Now, set it up. Make sure MG_EV_TIMER event fires.
        -: 1146:   * Also, it brings forward the poll timeout.
        -: 1147:   */
        1: 1148:  ASSERT_EQ(mg_set_timer(c, mg_time() + 0.1), 0.0);
        1: 1149:  begin = mg_time();
        -: 1150:  /*
        -: 1151:   * Windows is a bit sloppy about select() timeouts, so it may take
        -: 1152:   * a couple iterations for the timer to actually fire.
        -: 1153:   */
        2: 1154:  for (i = 0; n != 1 && i < 5; i++) {
        1: 1155:    mg_mgr_poll(&m, 1000);
        -: 1156:  }
        1: 1157:  end = mg_time();
        1: 1158:  ASSERT_EQ(n, 1);
        1: 1159:  ASSERT_LT(end - begin, 0.9);
        1: 1160:  ASSERT_GT(end - begin, 0.09);
        -: 1161:
        -: 1162:  /* Make sure that timer is reset - second time it does not fire */
        1: 1163:  ASSERT_EQ(c->ev_timer_time, 0.0);
        1: 1164:  mg_mgr_poll(&m, 1);
        1: 1165:  ASSERT_EQ(n, 1);
        -: 1166:
        1: 1167:  c->flags |= MG_F_CLOSE_IMMEDIATELY;
        1: 1168:  mg_mgr_poll(&m, 1);
        1: 1169:  ASSERT_EQ(n, 101);
        -: 1170:
        -: 1171:  /* Async resolver codepath */
        1: 1172:  n = 0;
        1: 1173:  ASSERT((c = mg_connect(&m, "awful.sad:1234", ev_timer_handler)) != NULL);
        1: 1174:  c->user_data = &n;
        1: 1175:  mg_set_timer(c, 1);
        1: 1176:  poll_until(&m, 1, c_int_eq, &n, (void *) 101);
        1: 1177:  ASSERT_EQ(n, 101);
        -: 1178:
        1: 1179:  mg_mgr_free(&m);
        -: 1180:
        1: 1181:  return NULL;
        -: 1182:}
        -: 1183:
        -: 1184:struct simple_data {
        -: 1185:  int num_accept;
        -: 1186:  int num_connect;
        -: 1187:  int num_recv;
        -: 1188:  int num_send;
        -: 1189:  int num_close;
        -: 1190:  int num_timer;
        -: 1191:  char to_send[100];
        -: 1192:  char data_rcvd[100];
        -: 1193:  char fail[200];
        -: 1194:  struct simple_data *sclient_data;
        -: 1195:  struct mg_connection *sclient_nc;
        -: 1196:};
        -: 1197:
        -: 1198:#ifndef __APPLE__
       21: 1199:static void count_events(struct simple_data *d, int ev) {
       21: 1200:  switch (ev) {
       12: 1201:    case MG_EV_POLL:
       12: 1202:      break;
        1: 1203:    case MG_EV_ACCEPT:
        1: 1204:      d->num_accept++;
        1: 1205:      break;
        1: 1206:    case MG_EV_CONNECT:
        1: 1207:      d->num_connect++;
        1: 1208:      break;
        2: 1209:    case MG_EV_RECV:
        2: 1210:      d->num_recv++;
        2: 1211:      break;
        2: 1212:    case MG_EV_SEND:
        2: 1213:      d->num_send++;
        2: 1214:      break;
        3: 1215:    case MG_EV_CLOSE:
        3: 1216:      d->num_close++;
        3: 1217:      break;
    #####: 1218:    case MG_EV_TIMER:
    #####: 1219:      d->num_timer++;
    #####: 1220:      break;
    #####: 1221:    default: {
        -: 1222:      char msg[100];
    #####: 1223:      sprintf(msg, "(unexpected event: %d)", ev);
    #####: 1224:      strcat(d->fail, msg);
        -: 1225:    }
        -: 1226:  }
       21: 1227:}
        -: 1228:
        2: 1229:static void do_send(struct simple_data *d, struct mg_connection *nc) {
        2: 1230:  if (d->to_send[0] != '\0') {
        2: 1231:    mg_printf(nc, "%s", d->to_send);
        -: 1232:  }
        2: 1233:}
        -: 1234:
        2: 1235:static void do_recv(struct simple_data *d, struct mg_connection *nc,
        -: 1236:                    void *ev_data) {
        2: 1237:  if (*((int *) ev_data) != (int) nc->recv_mbuf.len) {
        -: 1238:    char msg[100];
    #####: 1239:    sprintf(msg, "(num recv wrong: %d vs %d)", *((int *) ev_data),
    #####: 1240:            (int) strlen(d->to_send));
    #####: 1241:    strcat(d->fail, msg);
    #####: 1242:    return;
        -: 1243:  }
        2: 1244:  strncat(d->data_rcvd, nc->recv_mbuf.buf, nc->recv_mbuf.len);
        2: 1245:  mbuf_remove(&nc->recv_mbuf, nc->recv_mbuf.len);
        -: 1246:}
        -: 1247:
        2: 1248:static void check_sent(struct simple_data *d, struct mg_connection *nc,
        -: 1249:                       void *ev_data) {
        2: 1250:  if (*((int *) ev_data) != (int) strlen(d->to_send)) {
        -: 1251:    char msg[100];
    #####: 1252:    sprintf(msg, "(num sent wrong: %d vs %d)", *((int *) ev_data),
    #####: 1253:            (int) strlen(d->to_send));
    #####: 1254:    strcat(d->fail, msg);
        -: 1255:  } else {
        2: 1256:    d->to_send[0] = '\0';
        -: 1257:  }
        2: 1258:  if (nc->send_mbuf.len != 0) strcat(d->fail, "(send buf not empty)");
        2: 1259:}
        -: 1260:
        8: 1261:static void cb_client(struct mg_connection *nc, int ev, void *ev_data) {
        8: 1262:  struct simple_data *d = (struct simple_data *) nc->user_data;
        8: 1263:  count_events(d, ev);
        8: 1264:  switch (ev) {
        1: 1265:    case MG_EV_CONNECT:
        1: 1266:      do_send(d, nc);
        1: 1267:      break;
        1: 1268:    case MG_EV_SEND:
        1: 1269:      check_sent(d, nc, ev_data);
        1: 1270:      break;
        1: 1271:    case MG_EV_RECV:
        1: 1272:      do_recv(d, nc, ev_data);
        1: 1273:      break;
        -: 1274:  }
        8: 1275:}
        -: 1276:
        5: 1277:static void cb_sclient(struct mg_connection *nc, int ev, void *ev_data) {
        5: 1278:  struct simple_data *d = (struct simple_data *) nc->user_data;
        5: 1279:  count_events(d, ev);
        5: 1280:  switch (ev) {
        1: 1281:    case MG_EV_RECV: {
        1: 1282:      do_recv(d, nc, ev_data);
        1: 1283:      do_send(d, nc);
        1: 1284:      nc->flags |= MG_F_SEND_AND_CLOSE;
        1: 1285:      break;
        -: 1286:    }
        1: 1287:    case MG_EV_SEND: {
        1: 1288:      check_sent(d, nc, ev_data);
        1: 1289:      break;
        -: 1290:    }
        -: 1291:  }
        5: 1292:}
        -: 1293:
        8: 1294:static void cb_server(struct mg_connection *nc, int ev, void *ev_data) {
        8: 1295:  struct simple_data *d = (struct simple_data *) nc->user_data;
        -: 1296:  (void) ev_data;
        8: 1297:  if (ev == MG_EV_ACCEPT) {
        1: 1298:    d->sclient_nc = nc;
        1: 1299:    nc->user_data = d = d->sclient_data;
        1: 1300:    nc->handler = cb_sclient;
        -: 1301:  }
        8: 1302:  count_events(d, ev);
        8: 1303:}
        -: 1304:#endif
        -: 1305:
        -: 1306:/* The following test is only reliable on Linux. */
        -: 1307:#ifdef __linux__
        1: 1308:static const char *test_simple(void) {
        -: 1309:  struct mg_mgr mgr;
        -: 1310:  struct mg_connection *nc_server, *nc_client, *nc_sclient;
        1: 1311:  const char *address = "tcp://127.0.0.1:8910";
        -: 1312:  struct simple_data client_data, server_data, sclient_data;
        -: 1313:
        -: 1314:  (void) nc_sclient;
        1: 1315:  mg_mgr_init(&mgr, NULL);
        -: 1316:
        1: 1317:  ASSERT((nc_server = mg_bind(&mgr, address, cb_server)) != NULL);
        1: 1318:  nc_server->user_data = &server_data;
        1: 1319:  memset(&server_data, 0, sizeof(server_data));
        1: 1320:  server_data.sclient_data = &sclient_data;
        1: 1321:  memset(&sclient_data, 0, sizeof(sclient_data));
        -: 1322:
        1: 1323:  mg_mgr_poll(&mgr, 1); /* 1 - nothing */
        -: 1324:
        1: 1325:  ASSERT((nc_client = mg_connect(&mgr, address, cb_client)) != NULL);
        1: 1326:  nc_client->user_data = &client_data;
        1: 1327:  memset(&client_data, 0, sizeof(client_data));
        1: 1328:  strcpy(client_data.to_send, "hi");
        -: 1329:
        1: 1330:  mg_mgr_poll(&mgr, 1); /* 2 - client connects and sends, server accepts */
        1: 1331:  ASSERT_EQ(server_data.num_accept, 0);
        1: 1332:  ASSERT_EQ(sclient_data.num_accept, 1);
        1: 1333:  ASSERT_EQ(client_data.num_connect, 1);
        1: 1334:  ASSERT_EQ(client_data.num_send, 1);
        1: 1335:  ASSERT_STREQ(client_data.fail, "");
        1: 1336:  ASSERT_STREQ(server_data.fail, "");
        -: 1337:
        1: 1338:  ASSERT(server_data.sclient_nc != NULL);
        1: 1339:  nc_sclient = server_data.sclient_nc;
        1: 1340:  ASSERT_EQ(sclient_data.num_send, 0);
        1: 1341:  ASSERT_EQ(sclient_data.num_recv, 0);
        -: 1342:
        1: 1343:  strcpy(sclient_data.to_send, "hello");
        1: 1344:  mg_mgr_poll(&mgr, 1); /* 3 - server receives, buffers response, closes */
        1: 1345:  ASSERT_STREQ(sclient_data.fail, "");
        1: 1346:  ASSERT_EQ(sclient_data.num_recv, 1);
        1: 1347:  ASSERT_EQ(sclient_data.num_send, 0);
        1: 1348:  ASSERT_EQ(client_data.num_recv, 0);
        1: 1349:  ASSERT_STREQ(sclient_data.data_rcvd, "hi");
        -: 1350:
        1: 1351:  mg_mgr_poll(&mgr, 1); /* 4 - server sends */
        1: 1352:  ASSERT_STREQ(sclient_data.fail, "");
        1: 1353:  ASSERT_EQ(sclient_data.num_send, 1);
        -: 1354:
        1: 1355:  mg_mgr_poll(&mgr, 1); /* 5 - client receives */
        1: 1356:  ASSERT_STREQ(client_data.fail, "");
        1: 1357:  ASSERT_EQ(client_data.num_recv, 1);
        1: 1358:  ASSERT_STREQ(client_data.data_rcvd, "hello");
        -: 1359:
        1: 1360:  mg_mgr_free(&mgr);
        -: 1361:
        1: 1362:  ASSERT_STREQ(client_data.fail, "");
        1: 1363:  ASSERT_STREQ(server_data.fail, "");
        1: 1364:  ASSERT_STREQ(sclient_data.fail, "");
        -: 1365:
        1: 1366:  ASSERT_EQ(server_data.num_accept, 0);
        1: 1367:  ASSERT_EQ(server_data.num_connect, 0);
        1: 1368:  ASSERT_EQ(server_data.num_recv, 0);
        1: 1369:  ASSERT_EQ(server_data.num_send, 0);
        1: 1370:  ASSERT_EQ(server_data.num_close, 1);
        -: 1371:
        1: 1372:  ASSERT_EQ(client_data.num_accept, 0);
        1: 1373:  ASSERT_EQ(client_data.num_connect, 1);
        1: 1374:  ASSERT_EQ(client_data.num_recv, 1);
        1: 1375:  ASSERT_EQ(client_data.num_send, 1);
        1: 1376:  ASSERT_EQ(client_data.num_close, 1);
        -: 1377:
        1: 1378:  ASSERT_EQ(sclient_data.num_accept, 1);
        1: 1379:  ASSERT_EQ(sclient_data.num_connect, 0);
        1: 1380:  ASSERT_EQ(sclient_data.num_recv, 1);
        1: 1381:  ASSERT_EQ(sclient_data.num_send, 1);
        1: 1382:  ASSERT_EQ(sclient_data.num_close, 1);
        -: 1383:
        1: 1384:  return NULL;
        -: 1385:}
        -: 1386:#endif
        -: 1387:
        -: 1388:#if MG_ENABLE_THREADS
        9: 1389:static void eh2(struct mg_connection *nc, int ev, void *p) {
        -: 1390:  (void) p;
        9: 1391:  switch (ev) {
        1: 1392:    case MG_EV_RECV:
        1: 1393:      strcpy((char *) nc->user_data, nc->recv_mbuf.buf);
        1: 1394:      break;
        8: 1395:    default:
        8: 1396:      break;
        -: 1397:  }
        9: 1398:}
        -: 1399:
        1: 1400:static void *thread_func(void *param) {
        1: 1401:  sock_t sock = *(sock_t *) param;
        1: 1402:  send(sock, ":-)", 4, 0);
        1: 1403:  return NULL;
        -: 1404:}
        -: 1405:
        1: 1406:static const char *test_thread(void) {
        -: 1407:  struct mg_mgr mgr;
        -: 1408:  struct mg_connection *nc;
        -: 1409:  sock_t sp[2];
        1: 1410:  char buf[20] = "";
        -: 1411:
        1: 1412:  ASSERT_EQ(mg_socketpair(sp, SOCK_STREAM), 1);
        1: 1413:  mg_start_thread(thread_func, &sp[1]);
        -: 1414:
        1: 1415:  mg_mgr_init(&mgr, NULL);
        1: 1416:  ASSERT((nc = mg_add_sock(&mgr, sp[0], eh2)) != NULL);
        1: 1417:  nc->user_data = buf;
        1: 1418:  poll_until(&mgr, 1, c_str_ne, buf, (void *) "");
        1: 1419:  ASSERT_STREQ(buf, ":-)");
        1: 1420:  mg_mgr_free(&mgr);
        1: 1421:  closesocket(sp[1]);
        -: 1422:
        1: 1423:  return NULL;
        -: 1424:}
        -: 1425:#endif /* MG_ENABLE_THREADS */
        -: 1426:
        -: 1427:struct udp_res {
        -: 1428:  struct mbuf buf_srv;
        -: 1429:  struct mg_connection *srv_recv_conn;
        -: 1430:  struct mbuf buf_clnt;
        -: 1431:  struct mg_connection *clt_recv_conn;
        -: 1432:};
        -: 1433:
       17: 1434:static void eh3_srv(struct mg_connection *nc, int ev, void *p) {
       17: 1435:  struct udp_res *ur = (struct udp_res *) nc->mgr->user_data;
       17: 1436:  struct mbuf *io = &nc->recv_mbuf;
        -: 1437:  (void) p;
        -: 1438:
       17: 1439:  if (nc->flags & MG_F_LISTENING) {
       12: 1440:    if (ev != MG_EV_POLL && ev != MG_EV_CLOSE) {
    #####: 1441:      mbuf_append(&ur->buf_srv, "BUG", 3);
        -: 1442:    }
       12: 1443:    return;
        -: 1444:  }
        -: 1445:
        5: 1446:  if (ev == MG_EV_ACCEPT) {
        1: 1447:    mbuf_append(&ur->buf_srv, "ACCEPT", 6);
        4: 1448:  } else if (ev == MG_EV_RECV) {
        1: 1449:    mbuf_append(&ur->buf_srv, (nc->flags & MG_F_SEND_AND_CLOSE ? "+" : "-"), 1);
        1: 1450:    mbuf_append(&ur->buf_srv, " RECV ", 6);
        1: 1451:    mbuf_append(&ur->buf_srv, io->buf, io->len);
        1: 1452:    mg_send(nc, io->buf, io->len);
        1: 1453:    mbuf_remove(io, io->len);
        3: 1454:  } else if (ev == MG_EV_CLOSE) {
        1: 1455:    mbuf_append(&ur->buf_srv, " CLOSE", 6);
        -: 1456:  }
        -: 1457:}
        -: 1458:
        8: 1459:static void eh3_clnt(struct mg_connection *nc, int ev, void *p) {
        8: 1460:  struct udp_res *ur = (struct udp_res *) nc->mgr->user_data;
        8: 1461:  struct mbuf *io = &nc->recv_mbuf;
        -: 1462:  (void) p;
        -: 1463:
        8: 1464:  if (ev == MG_EV_CONNECT) {
        1: 1465:    mbuf_append(&ur->buf_clnt, "CONNECT", 7);
        1: 1466:    mg_printf(nc, "%s", "boo!");
        7: 1467:  } else if (ev == MG_EV_RECV) {
        1: 1468:    mbuf_append(&ur->buf_clnt, " RECV ", 6);
        1: 1469:    mbuf_append(&ur->buf_clnt, io->buf, io->len);
        1: 1470:    mbuf_remove(io, io->len);
        1: 1471:    nc->flags |= MG_F_CLOSE_IMMEDIATELY;
        6: 1472:  } else if (ev == MG_EV_CLOSE) {
        1: 1473:    mbuf_append(&ur->buf_clnt, " CLOSE", 6);
        -: 1474:  }
        8: 1475:}
        -: 1476:
        1: 1477:static const char *test_udp(void) {
        -: 1478:  struct mg_mgr mgr;
        -: 1479:  struct mg_connection *nc1, *nc2;
        1: 1480:  const char *address = "udp://127.0.0.1:7878";
        -: 1481:  struct udp_res res;
        1: 1482:  memset(&res, 0, sizeof(res));
        1: 1483:  mbuf_init(&res.buf_srv, 100);
        1: 1484:  mbuf_init(&res.buf_clnt, 100);
        -: 1485:
        1: 1486:  mg_mgr_init(&mgr, &res);
        1: 1487:  ASSERT((nc1 = mg_bind(&mgr, address, eh3_srv)) != NULL);
        1: 1488:  ASSERT((nc2 = mg_connect(&mgr, address, eh3_clnt)) != NULL);
        -: 1489:
        1: 1490:  poll_until(&mgr, 1, c_int_eq, &res.buf_clnt.len, (void *) 23);
        1: 1491:  ASSERT_STREQ_NZ(res.buf_srv.buf, "ACCEPT+ RECV boo! CLOSE");
        1: 1492:  ASSERT_STREQ_NZ(res.buf_clnt.buf, "CONNECT RECV boo! CLOSE");
        -: 1493:
        1: 1494:  mbuf_free(&res.buf_srv);
        1: 1495:  mbuf_free(&res.buf_clnt);
        1: 1496:  mg_mgr_free(&mgr);
        -: 1497:
        1: 1498:  return NULL;
        -: 1499:}
        -: 1500:
        1: 1501:static const char *test_parse_http_message(void) {
        -: 1502:  static const char *a = "GET / HTTP/1.0\n\n";
        -: 1503:  static const char *b = "GET /blah HTTP/1.0\r\nFoo:  bar  \r\n\r\n";
        -: 1504:  static const char *c = "get b c\nz:  k \nb: t\nvvv\n\n xx";
        -: 1505:  static const char *d = "a b c\nContent-Length: 21 \nb: t\nvvv\n\n";
        -: 1506:  static const char *e = "GET /foo?a=b&c=d HTTP/1.0\n\n";
        -: 1507:  static const char *f = "POST /x HTTP/1.0\n\n";
        -: 1508:  static const char *g = "WOHOO /x HTTP/1.0\n\n";
        -: 1509:  static const char *h = "HTTP/1.0 200 OK\n\n";
        -: 1510:  static const char *i = "HTTP/1.0 999 OMGWTFBBQ\n\n";
        -: 1511:  static const char *j =
        -: 1512:      "GET / HTTP/1.0\r\nHost: 127.0.0.1:18888\r\nCookie:\r\nX-PlayID: "
        -: 1513:      "45455\r\nRange: 0-1\r\n\r\n";
        -: 1514:  int idx, len;
        -: 1515:  struct mg_str *v;
        -: 1516:  struct http_message req;
        -: 1517:
        1: 1518:  len = strlen(b);
       36: 1519:  for (idx = 0; idx < len; idx++) {
       35: 1520:    ASSERT_EQ(mg_parse_http(b, idx, &req, 1), 0);
        -: 1521:  }
        -: 1522:
        1: 1523:  ASSERT_EQ(mg_parse_http("\b23", 3, &req, 1), -1);
        1: 1524:  ASSERT_EQ(mg_parse_http("\b23", 3, &req, 0), -1);
        1: 1525:  ASSERT_EQ(mg_parse_http("get\n\n", 5, &req, 1), -1);
        1: 1526:  ASSERT_EQ(mg_parse_http("get\n\n", 5, &req, 0), -1);
        1: 1527:  ASSERT_EQ(mg_parse_http(a, strlen(a) - 1, &req, 1), 0);
        1: 1528:  ASSERT_EQ(mg_parse_http(a, strlen(a), &req, 0), -1);
        -: 1529:
        1: 1530:  ASSERT_EQ(mg_parse_http(a, strlen(a), &req, 1), (int) strlen(a));
        1: 1531:  ASSERT_EQ(req.message.len, strlen(a));
        1: 1532:  ASSERT_EQ(req.body.len, 0);
        -: 1533:
        1: 1534:  ASSERT_EQ(mg_parse_http(b, strlen(b), &req, 0), -1);
        1: 1535:  ASSERT_EQ(mg_parse_http(b, strlen(b), &req, 1), (int) strlen(b));
        1: 1536:  ASSERT_EQ(req.header_names[0].len, 3);
        1: 1537:  ASSERT_EQ(req.header_values[0].len, 3);
        1: 1538:  ASSERT(req.header_names[1].p == NULL);
        1: 1539:  ASSERT_EQ(req.query_string.len, 0);
        1: 1540:  ASSERT_EQ(req.message.len, strlen(b));
        1: 1541:  ASSERT_EQ(req.body.len, 0);
        -: 1542:
        1: 1543:  ASSERT_EQ(mg_parse_http(c, strlen(c), &req, 1), (int) strlen(c) - 3);
        1: 1544:  ASSERT(req.header_names[2].p == NULL);
        1: 1545:  ASSERT(req.header_names[0].p != NULL);
        1: 1546:  ASSERT(req.header_names[1].p != NULL);
        1: 1547:  ASSERT_EQ(memcmp(req.header_values[1].p, "t", 1), 0);
        1: 1548:  ASSERT_EQ(req.header_names[1].len, 1);
        1: 1549:  ASSERT_EQ(req.body.len, 0);
        -: 1550:
        1: 1551:  ASSERT_EQ(mg_parse_http(d, strlen(d), &req, 1), (int) strlen(d));
        1: 1552:  ASSERT_EQ(req.body.len, 21);
        1: 1553:  ASSERT_EQ(req.message.len, 21 + strlen(d));
        1: 1554:  ASSERT(mg_get_http_header(&req, "foo") == NULL);
        1: 1555:  ASSERT((v = mg_get_http_header(&req, "contENT-Length")) != NULL);
        1: 1556:  ASSERT_EQ(v->len, 2);
        1: 1557:  ASSERT_STREQ_NZ(v->p, "21");
        -: 1558:
        1: 1559:  ASSERT_EQ(mg_parse_http(e, strlen(e), &req, 1), (int) strlen(e));
        1: 1560:  ASSERT_EQ(mg_vcmp(&req.uri, "/foo"), 0);
        1: 1561:  ASSERT_EQ(mg_vcmp(&req.query_string, "a=b&c=d"), 0);
        -: 1562:
        1: 1563:  ASSERT_EQ(mg_parse_http(f, strlen(f), &req, 1), (int) strlen(f));
        1: 1564:  ASSERT_EQ64(req.body.len, (size_t) ~0);
        -: 1565:
        1: 1566:  ASSERT_EQ(mg_parse_http(g, strlen(g), &req, 1), (int) strlen(g));
        1: 1567:  ASSERT_EQ(req.body.len, 0);
        -: 1568:
        1: 1569:  ASSERT_EQ(mg_parse_http(h, strlen(h), &req, 0), (int) strlen(h));
        1: 1570:  ASSERT_EQ(mg_vcmp(&req.proto, "HTTP/1.0"), 0);
        1: 1571:  ASSERT_EQ(req.resp_code, 200);
        1: 1572:  ASSERT_EQ(mg_vcmp(&req.resp_status_msg, "OK"), 0);
        1: 1573:  ASSERT_EQ64(req.body.len, (size_t) ~0);
        -: 1574:
        1: 1575:  ASSERT_EQ(mg_parse_http(i, strlen(i), &req, 0), -1);
        -: 1576:
        1: 1577:  ASSERT_EQ(mg_parse_http(j, strlen(j), &req, 1), (int) strlen(j));
        1: 1578:  ASSERT(mg_get_http_header(&req, "Host") != NULL);
        1: 1579:  ASSERT(mg_get_http_header(&req, "Cookie") == NULL);
        1: 1580:  ASSERT(mg_get_http_header(&req, "Range") != NULL);
        -: 1581:
        1: 1582:  return NULL;
        -: 1583:}
        -: 1584:
        1: 1585:static const char *test_get_http_var(void) {
        -: 1586:  char buf[256];
        -: 1587:  struct mg_str body;
        1: 1588:  body.p = "key1=value1&key2=value2&key3=value%203&key4=value+4";
        1: 1589:  body.len = strlen(body.p);
        -: 1590:
        1: 1591:  ASSERT(mg_get_http_var(&body, "key1", buf, sizeof(buf)) > 0);
        1: 1592:  ASSERT_STREQ(buf, "value1");
        1: 1593:  ASSERT(mg_get_http_var(&body, "KEY1", buf, sizeof(buf)) > 0);
        1: 1594:  ASSERT_STREQ(buf, "value1");
        1: 1595:  ASSERT(mg_get_http_var(&body, "key2", buf, sizeof(buf)) > 0);
        1: 1596:  ASSERT_STREQ(buf, "value2");
        1: 1597:  ASSERT(mg_get_http_var(&body, "key3", buf, sizeof(buf)) > 0);
        1: 1598:  ASSERT_STREQ(buf, "value 3");
        1: 1599:  ASSERT(mg_get_http_var(&body, "key4", buf, sizeof(buf)) > 0);
        1: 1600:  ASSERT_STREQ(buf, "value 4");
        -: 1601:
        1: 1602:  ASSERT_EQ(mg_get_http_var(&body, "key1", NULL, sizeof(buf)), -2);
        1: 1603:  ASSERT_EQ(mg_get_http_var(&body, "key1", buf, 0), -2);
        1: 1604:  ASSERT_EQ(mg_get_http_var(&body, NULL, buf, sizeof(buf)), -1);
        1: 1605:  ASSERT_EQ(mg_get_http_var(&body, "key1", buf, 1), -3);
        -: 1606:
        1: 1607:  body.p = "key=broken%2";
        1: 1608:  body.len = strlen(body.p);
        1: 1609:  ASSERT(mg_get_http_var(&body, "key", buf, sizeof(buf)) < 0);
        -: 1610:
        1: 1611:  body.p = "key=broken%2x";
        1: 1612:  body.len = strlen(body.p);
        1: 1613:  ASSERT(mg_get_http_var(&body, "key", buf, sizeof(buf)) < 0);
        -: 1614:
        1: 1615:  ASSERT_EQ(mg_get_http_var(&body, "inexistent", buf, sizeof(buf)), -4);
        -: 1616:
        1: 1617:  return NULL;
        -: 1618:}
        -: 1619:
     7095: 1620:static void cb1(struct mg_connection *nc, int ev, void *ev_data) {
     7095: 1621:  if (ev == MG_EV_HTTP_REQUEST) {
       43: 1622:    struct http_message *hm = (struct http_message *) ev_data;
       43: 1623:    if (mg_vcmp(&hm->uri, "/foo") == 0) {
        1: 1624:      mg_printf(nc, "HTTP/1.0 200 OK\r\n\r\n[%.*s %d]", (int) hm->uri.len,
        1: 1625:                hm->uri.p, (int) hm->body.len);
        1: 1626:      nc->flags |= MG_F_SEND_AND_CLOSE;
        -: 1627:    } else {
       42: 1628:      s_http_server_opts.document_root = ".";
       42: 1629:      s_http_server_opts.per_directory_auth_file = "passwords.txt";
       42: 1630:      s_http_server_opts.auth_domain = "foo.com";
       42: 1631:      s_http_server_opts.dav_document_root = "./data/dav";
       42: 1632:      s_http_server_opts.hidden_file_pattern = "hidden_file.*$";
       42: 1633:      s_http_server_opts.custom_mime_types =
        -: 1634:          ".txt=text/plain; charset=windows-1251,"
        -: 1635:          ".c=text/plain; charset=utf-8";
       42: 1636:      mg_serve_http(nc, hm, s_http_server_opts);
        -: 1637:    }
     7052: 1638:  } else if (ev == MG_EV_SSI_CALL) {
        1: 1639:    mg_printf_html_escape(nc, "[ssi call: %s]", (char *) ev_data);
     7051: 1640:  } else if (ev == MG_EV_SSI_CALL_CTX) {
        1: 1641:    struct mg_ssi_call_ctx *cctx = (struct mg_ssi_call_ctx *) ev_data;
        5: 1642:    mg_printf_html_escape(nc, "[ssi call w/ ctx: %.*s %.*s %.*s]",
        2: 1643:                          (int) cctx->req->uri.len, cctx->req->uri.p,
        1: 1644:                          (int) cctx->file.len, cctx->file.p,
        1: 1645:                          (int) cctx->arg.len, cctx->arg.p);
        -: 1646:  }
     7095: 1647:}
        -: 1648:
        4: 1649:static void secret_endpoint_cb(struct mg_connection *nc, int ev,
        -: 1650:                               void *ev_data) {
        4: 1651:  if (ev != MG_EV_HTTP_REQUEST) return;
        1: 1652:  mg_send_response_line(nc, 200, "Content-Type: text/plain\r\n");
        1: 1653:  mg_printf(nc, "%s", "Secret!");
        1: 1654:  nc->flags |= MG_F_SEND_AND_CLOSE;
        -: 1655:  (void) ev_data;
        -: 1656:}
        -: 1657:
       97: 1658:static void cb2(struct mg_connection *nc, int ev, void *ev_data) {
       97: 1659:  struct http_message *hm = (struct http_message *) ev_data;
        -: 1660:
       97: 1661:  if (ev == MG_EV_HTTP_REPLY) {
        8: 1662:    sprintf((char *) nc->user_data, "%.*s %lu", (int) hm->body.len, hm->body.p,
        8: 1663:            (unsigned long) hm->message.len);
        8: 1664:    nc->flags |= MG_F_CLOSE_IMMEDIATELY;
        -: 1665:  }
       97: 1666:}
        -: 1667:
     4644: 1668:static void cb7(struct mg_connection *nc, int ev, void *ev_data) {
     4644: 1669:  struct http_message *hm = (struct http_message *) ev_data;
        -: 1670:  size_t size;
     4644: 1671:  char *data, *user_data = (char *) nc->user_data;
        -: 1672:
     4644: 1673:  if (ev == MG_EV_HTTP_REPLY) {
        -: 1674:    /* Make sure that we've downloaded this executable, byte-to-byte */
        2: 1675:    data = read_file(g_argv_0, &size);
        2: 1676:    DBG(("file %s, size %d; got %d", g_argv_0, (int) size, (int) hm->body.len));
        4: 1677:    if (data != NULL && size == hm->body.len &&
        2: 1678:        memcmp(hm->body.p, data, size) == 0) {
        2: 1679:      strcpy(user_data, "success");
        -: 1680:    } else {
    #####: 1681:      strcpy(user_data, "fail");
        -: 1682:    }
        2: 1683:    free(data);
        2: 1684:    nc->flags |= MG_F_CLOSE_IMMEDIATELY;
        -: 1685:  } else if (ev == MG_EV_RECV) {
        -: 1686:#if 0
        -: 1687:    LOG(LL_INFO, ("%d", (int) nc->recv_mbuf.len));
        -: 1688:#endif
        -: 1689:  }
     4644: 1690:}
        -: 1691:
      456: 1692:static void cb8(struct mg_connection *nc, int ev, void *ev_data) {
      456: 1693:  struct http_message *hm = (struct http_message *) ev_data;
      456: 1694:  DBG(("%p ev=%d", (void *) nc, ev));
        -: 1695:
      456: 1696:  if (ev == MG_EV_HTTP_REPLY) {
       86: 1697:    snprintf((char *) nc->user_data, FETCH_BUF_SIZE, "%.*s",
       43: 1698:             (int) hm->message.len, hm->message.p);
       43: 1699:    nc->flags |= MG_F_CLOSE_IMMEDIATELY;
        -: 1700:  }
      456: 1701:}
        -: 1702:
     1556: 1703:static void cb10(struct mg_connection *nc, int ev, void *ev_data) {
     1556: 1704:  struct http_message *hm = (struct http_message *) ev_data;
        -: 1705:  struct mg_str *s;
        -: 1706:
     1556: 1707:  if (ev == MG_EV_HTTP_REPLY &&
        -: 1708:      (s = mg_get_http_header(hm, "Content-Type")) != NULL) {
        2: 1709:    sprintf((char *) nc->user_data, "%.*s", (int) s->len, s->p);
        -: 1710:  }
     1556: 1711:}
        -: 1712:
      125: 1713:static void endpoint_handler(struct mg_connection *nc, int ev, void *ev_data) {
      125: 1714:  struct http_message *hm = (struct http_message *) ev_data;
        -: 1715:  (void) ev_data;
        -: 1716:
      125: 1717:  if (ev == MG_EV_HTTP_REQUEST) {
[...]
        1: 5408:  ASSERT_EQ(*cm.options->next->next->value.p, 0x11);
        1: 5409:  ASSERT(cm.options->next->next->next == NULL);
        1: 5410:  ASSERT_EQ(cm.payload.len, 0);
        1: 5411:  ASSERT(cm.payload.p == NULL);
        1: 5412:  ASSERT_EQ(cm.token.len, 2);
        1: 5413:  ASSERT_EQ(*cm.token.p, 0x07);
        1: 5414:  ASSERT_EQ((unsigned char) *(cm.token.p + 1), 0x90);
        1: 5415:  res = mg_coap_compose(&cm, &packet_out);
        1: 5416:  ASSERT_EQ(res, 0);
        1: 5417:  ASSERT_EQ(packet_out.len, sizeof(coap_packet_1));
        1: 5418:  ASSERT_EQ(memcmp(packet_out.buf, coap_packet_1, packet_out.len), 0);
        1: 5419:  mg_coap_free_options(&cm);
        1: 5420:  mbuf_free(&packet_out);
        -: 5421:
        -: 5422:  /* CON, MID: 22287 ... */
        1: 5423:  packet_in.buf = (char *) coap_packet_3;
        1: 5424:  packet_in.len = sizeof(coap_packet_3);
        1: 5425:  res = mg_coap_parse(&packet_in, &cm);
        1: 5426:  ASSERT_EQ((res & MG_COAP_ERROR), 0);
        1: 5427:  ASSERT_EQ(cm.code_class, 2);
        1: 5428:  ASSERT_EQ(cm.code_detail, 5);
        1: 5429:  ASSERT_EQ(cm.msg_id, 22287);
        1: 5430:  ASSERT_EQ(cm.msg_type, MG_COAP_MSG_CON);
        1: 5431:  ASSERT(cm.options == NULL);
        1: 5432:  ASSERT_EQ(cm.token.len, 2);
        1: 5433:  ASSERT_EQ(*cm.token.p, 0x07);
        1: 5434:  ASSERT_EQ((unsigned char) *(cm.token.p + 1), 0x90);
        1: 5435:  ASSERT_EQ(cm.payload.len, 122);
        1: 5436:  ASSERT(strncmp(cm.payload.p,
        -: 5437:                 "This message was sent by a separate response.\n"
        -: 5438:                 "Your client will need to acknowledge it,"
        -: 5439:                 " otherwise it will be retransmitted.",
        -: 5440:                 122) == 0);
        1: 5441:  res = mg_coap_compose(&cm, &packet_out);
        1: 5442:  ASSERT_EQ(res, 0);
        1: 5443:  ASSERT_EQ(packet_out.len, sizeof(coap_packet_3));
        1: 5444:  ASSERT_EQ(memcmp(packet_out.buf, coap_packet_3, packet_out.len), 0);
        1: 5445:  mg_coap_free_options(&cm);
        1: 5446:  mbuf_free(&packet_out);
        -: 5447:
        1: 5448:  packet_in.buf = (char *) coap_packet_5;
        1: 5449:  packet_in.len = sizeof(coap_packet_5);
        1: 5450:  res = mg_coap_parse(&packet_in, &cm);
        1: 5451:  ASSERT_EQ((res & MG_COAP_ERROR), 0);
        1: 5452:  ASSERT_EQ(cm.code_class, 0);
        1: 5453:  ASSERT_EQ(cm.code_detail, 3);
        1: 5454:  ASSERT_EQ(cm.msg_id, 38178);
        1: 5455:  ASSERT_EQ(cm.msg_type, MG_COAP_MSG_CON);
        1: 5456:  ASSERT(cm.options != 0);
        1: 5457:  ASSERT_EQ(cm.options->number, 11);
        1: 5458:  ASSERT_EQ(cm.options->value.len, 7);
        1: 5459:  ASSERT_STREQ_NZ(cm.options->value.p, "storage");
        1: 5460:  ASSERT(cm.options->next != 0);
        1: 5461:  ASSERT_EQ(cm.options->next->number, 11);
        1: 5462:  ASSERT_EQ(cm.options->next->value.len, 10);
        1: 5463:  ASSERT_STREQ_NZ(cm.options->next->value.p, "myresource");
        1: 5464:  ASSERT(cm.options->next->next == NULL);
        1: 5465:  ASSERT_EQ(cm.token.len, 0);
        1: 5466:  ASSERT_EQ(cm.payload.len, 6);
        1: 5467:  ASSERT_STREQ_NZ(cm.payload.p, "mydata");
        1: 5468:  res = mg_coap_compose(&cm, &packet_out);
        1: 5469:  ASSERT_EQ(res, 0);
        1: 5470:  ASSERT_EQ(packet_out.len, sizeof(coap_packet_5));
        1: 5471:  ASSERT_EQ(memcmp(packet_out.buf, coap_packet_5, packet_out.len), 0);
        1: 5472:  mg_coap_free_options(&cm);
        1: 5473:  mbuf_free(&packet_out);
        -: 5474:
        1: 5475:  packet_in.buf = (char *) coap_packet_6;
        1: 5476:  packet_in.len = sizeof(coap_packet_6);
        1: 5477:  res = mg_coap_parse(&packet_in, &cm);
        1: 5478:  ASSERT((res & MG_COAP_ERROR) != 0);
        1: 5479:  mg_coap_free_options(&cm);
        -: 5480:
        1: 5481:  packet_in.buf = (char *) coap_packet_7;
        1: 5482:  packet_in.len = sizeof(coap_packet_7);
        1: 5483:  res = mg_coap_parse(&packet_in, &cm);
        1: 5484:  ASSERT((res & MG_COAP_ERROR) != 0);
        1: 5485:  mg_coap_free_options(&cm);
        -: 5486:
        -: 5487:  {
        1: 5488:    unsigned char coap_packet_2_broken[] = {0x6F, 0x00, 0xe9, 0x1b};
        1: 5489:    packet_in.buf = (char *) coap_packet_2_broken;
        1: 5490:    packet_in.len = sizeof(coap_packet_2_broken);
        1: 5491:    res = mg_coap_parse(&packet_in, &cm);
        1: 5492:    ASSERT((res & MG_COAP_FORMAT_ERROR) != 0);
        -: 5493:  }
        -: 5494:
        -: 5495:  {
        1: 5496:    unsigned char coap_packet_2_broken[] = {0x65, 0x00, 0xe9, 0x1b};
        1: 5497:    packet_in.buf = (char *) coap_packet_2_broken;
        1: 5498:    packet_in.len = sizeof(coap_packet_2_broken);
        1: 5499:    res = mg_coap_parse(&packet_in, &cm);
        1: 5500:    ASSERT((res & MG_COAP_NOT_ENOUGH_DATA) != 0);
        -: 5501:  }
        -: 5502:
        1: 5503:  memset(&cm, 0, sizeof(cm));
        1: 5504:  mg_coap_add_option(&cm, 10, 0, 0);
        1: 5505:  ASSERT_EQ(cm.options->number, 10);
        1: 5506:  ASSERT(cm.options->next == NULL);
        1: 5507:  mg_coap_add_option(&cm, 5, 0, 0);
        1: 5508:  ASSERT_EQ(cm.options->number, 5);
        1: 5509:  ASSERT_EQ(cm.options->next->number, 10);
        1: 5510:  ASSERT(cm.options->next->next == NULL);
        1: 5511:  mg_coap_add_option(&cm, 7, 0, 0);
        1: 5512:  ASSERT_EQ(cm.options->number, 5);
        1: 5513:  ASSERT_EQ(cm.options->next->number, 7);
        1: 5514:  ASSERT_EQ(cm.options->next->next->number, 10);
        1: 5515:  ASSERT(cm.options->next->next->next == NULL);
        1: 5516:  mg_coap_add_option(&cm, 1, 0, 0);
        1: 5517:  ASSERT_EQ(cm.options->number, 1);
        1: 5518:  ASSERT_EQ(cm.options->next->number, 5);
        1: 5519:  ASSERT_EQ(cm.options->next->next->number, 7);
        1: 5520:  ASSERT_EQ(cm.options->next->next->next->number, 10);
        1: 5521:  ASSERT(cm.options->next->next->next->next == NULL);
        1: 5522:  mg_coap_free_options(&cm);
        -: 5523:
        -: 5524:  {
        1: 5525:    unsigned char value16[] = {0xCC, 0xDD};
        1: 5526:    packet_in.buf = (char *) coap_packet_4;
        1: 5527:    packet_in.len = sizeof(coap_packet_4);
        1: 5528:    res = mg_coap_parse(&packet_in, &cm);
        1: 5529:    ASSERT_EQ((res & MG_COAP_ERROR), 0);
        1: 5530:    mg_coap_add_option(&cm, 0xAABB, (char *) value16, sizeof(value16));
        1: 5531:    res = mg_coap_compose(&cm, &packet_out);
        1: 5532:    mg_coap_free_options(&cm);
        1: 5533:    ASSERT_EQ(res, 0);
        1: 5534:    res = mg_coap_parse(&packet_out, &cm);
        1: 5535:    ASSERT_EQ((res & MG_COAP_ERROR), 0);
        1: 5536:    ASSERT_EQ(cm.options->number, 0xAABB);
        1: 5537:    ASSERT_EQ(cm.options->value.len, 2);
        1: 5538:    ASSERT_EQ(memcmp(cm.options->value.p, value16, cm.options->value.len), 0);
        1: 5539:    mg_coap_free_options(&cm);
        1: 5540:    mbuf_free(&packet_out);
        -: 5541:  }
        -: 5542:
        1: 5543:  memset(&cm, 0, sizeof(cm));
        1: 5544:  cm.msg_id = 1;
        1: 5545:  cm.msg_type = MG_COAP_MSG_MAX + 1;
        1: 5546:  res = mg_coap_compose(&cm, &packet_out);
        2: 5547:  ASSERT((res & MG_COAP_ERROR) != 0 && (res & MG_COAP_MSG_TYPE_FIELD) != 0);
        -: 5548:
        1: 5549:  cm.msg_type = MG_COAP_MSG_ACK;
        1: 5550:  cm.token.len = 10000;
        1: 5551:  res = mg_coap_compose(&cm, &packet_out);
        1: 5552:  ASSERT((res & MG_COAP_ERROR) != 0 && (res & MG_COAP_TOKEN_FIELD) != 0);
        -: 5553:
        1: 5554:  cm.token.len = 0;
        1: 5555:  cm.code_class = 0xFF;
        1: 5556:  res = mg_coap_compose(&cm, &packet_out);
        1: 5557:  ASSERT((res & MG_COAP_ERROR) != 0 && (res & MG_COAP_CODE_CLASS_FIELD) != 0);
        -: 5558:
        1: 5559:  cm.code_class = 0;
        1: 5560:  cm.code_detail = 0xFF;
        1: 5561:  res = mg_coap_compose(&cm, &packet_out);
        1: 5562:  ASSERT((res & MG_COAP_ERROR) != 0 && (res & MG_COAP_CODE_DETAIL_FIELD) != 0);
        -: 5563:
        1: 5564:  cm.code_detail = 0;
        1: 5565:  mg_coap_add_option(&cm, 0xFFFFFFF, 0, 0);
        1: 5566:  res = mg_coap_compose(&cm, &packet_out);
        1: 5567:  ASSERT((res & MG_COAP_ERROR) != 0 && (res & MG_COAP_OPTIOMG_FIELD) != 0);
        1: 5568:  mg_coap_free_options(&cm);
        -: 5569:
        -: 5570:  {
        -: 5571:    struct mg_mgr mgr;
        -: 5572:    struct mg_connection *nc;
        1: 5573:    const char *address = "tcp://127.0.0.1:8686";
        -: 5574:
        1: 5575:    mg_mgr_init(&mgr, 0);
        -: 5576:
        1: 5577:    nc = mg_bind(&mgr, address, coap_handler_1);
        1: 5578:    ASSERT(nc != NULL);
        1: 5579:    ASSERT_EQ(mg_set_protocol_coap(nc), -1);
        -: 5580:
        1: 5581:    mg_mgr_free(&mgr);
        -: 5582:  }
        -: 5583:
        -: 5584:  {
        -: 5585:    struct results res;
        -: 5586:    struct mg_mgr mgr;
        -: 5587:    struct mg_connection *nc1, *nc2;
        1: 5588:    const char *address = "udp://127.0.0.1:5683";
        -: 5589:
        1: 5590:    mg_mgr_init(&mgr, 0);
        -: 5591:
        1: 5592:    nc1 = mg_bind(&mgr, address, coap_handler_1);
        1: 5593:    mg_set_protocol_coap(nc1);
        1: 5594:    nc1->user_data = &res;
        -: 5595:
        1: 5596:    nc2 = mg_connect(&mgr, address, coap_handler_1);
        1: 5597:    mg_set_protocol_coap(nc2);
        1: 5598:    nc2->user_data = &res;
        -: 5599:
        1: 5600:    poll_until(&mgr, 5, c_int_eq, &res.client, (void *) 3);
        -: 5601:
        1: 5602:    mg_mgr_free(&mgr);
        -: 5603:
        2: 5604:    ASSERT_EQ(res.server, 1);
        1: 5605:    ASSERT_EQ(res.client, 3);
        -: 5606:  }
        -: 5607:
        1: 5608:  return NULL;
        -: 5609:}
        -: 5610:#endif
        -: 5611:
        1: 5612:static const char *test_strcmp(void) {
        -: 5613:  struct mg_str s1;
        -: 5614:
        1: 5615:  s1.p = "aa";
        1: 5616:  s1.len = strlen(s1.p);
        1: 5617:  ASSERT_EQ(mg_vcasecmp(&s1, "aa"), 0);
        1: 5618:  ASSERT_EQ(mg_vcmp(&s1, "aa"), 0);
        1: 5619:  ASSERT(mg_vcasecmp(&s1, "ab") < 0);
        1: 5620:  ASSERT(mg_vcmp(&s1, "ab") < 0);
        1: 5621:  ASSERT(mg_vcasecmp(&s1, "abb") < 0);
        1: 5622:  ASSERT(mg_vcmp(&s1, "abb") < 0);
        1: 5623:  ASSERT(mg_vcasecmp(&s1, "b") < 0);
        1: 5624:  ASSERT(mg_vcmp(&s1, "b") < 0);
        1: 5625:  return NULL;
        -: 5626:}
        -: 5627:
        -: 5628:#if MG_ENABLE_SNTP
        1: 5629:static const char *test_sntp(void) {
        1: 5630:  const char sntp_good[] =
        -: 5631:      "\x24\x02\x00\xeb\x00\x00\x00\x1e\x00\x00\x07\xb6\x3e"
        -: 5632:      "\xc9\xd6\xa2\xdb\xde\xea\x30\x91\x86\xb7\x10\xdb\xde"
        -: 5633:      "\xed\x98\x00\x00\x00\xde\xdb\xde\xed\x99\x0a\xe2\xc7"
        -: 5634:      "\x96\xdb\xde\xed\x99\x0a\xe4\x6b\xda";
        1: 5635:  const char bad_good[] =
        -: 5636:      "\x55\x02\x00\xeb\x00\x00\x00\x1e\x00\x00\x07\xb6\x3e"
        -: 5637:      "\xc9\xd6\xa2\xdb\xde\xea\x30\x91\x86\xb7\x10\xdb\xde"
        -: 5638:      "\xed\x98\x00\x00\x00\xde\xdb\xde\xed\x99\x0a\xe2\xc7"
        -: 5639:      "\x96\xdb\xde\xed\x99\x0a\xe4\x6b\xda";
        -: 5640:
        -: 5641:  int res;
        -: 5642:  struct mg_sntp_message msg;
        -: 5643:  struct tm *tm;
        -: 5644:  time_t t;
        1: 5645:  memset(&msg, 0, sizeof(0));
        -: 5646:
        1: 5647:  res = mg_sntp_parse_reply(sntp_good, sizeof(sntp_good) - 1, &msg);
        1: 5648:  ASSERT_EQ(res, 0);
        1: 5649:  t = (time_t) msg.time;
        1: 5650:  tm = gmtime(&t);
        1: 5651:  ASSERT_EQ(tm->tm_year, 116);
        1: 5652:  ASSERT_EQ(tm->tm_mon, 10);
        1: 5653:  ASSERT_EQ(tm->tm_mday, 22);
        1: 5654:  ASSERT_EQ(tm->tm_hour, 16);
        1: 5655:  ASSERT_EQ(tm->tm_min, 15);
        1: 5656:  ASSERT_EQ(tm->tm_sec, 21);
        1: 5657:  res = mg_sntp_parse_reply(bad_good, sizeof(bad_good) - 1, &msg);
        1: 5658:  ASSERT_EQ(res, -1);
        -: 5659:
        1: 5660:  return NULL;
        -: 5661:}
        -: 5662:#endif
        -: 5663:
        -: 5664:#if MG_ENABLE_SOCKS
        1: 5665:static const char *test_socks(void) {
        -: 5666:  struct mg_mgr mgr;
        -: 5667:  struct mg_connection *c;
        -: 5668:  struct mg_connect_opts opts;
        -: 5669:  const char *this_binary;
        1: 5670:  const char *web_addr = "127.0.0.1:7257";
        1: 5671:  const char *proxy_addr = "127.0.0.1:7258";
        1: 5672:  char status[100] = "";
        -: 5673:
        1: 5674:  mg_mgr_init(&mgr, NULL);
        -: 5675:#if 0
        -: 5676:  mgr.hexdump_file = "-";
        -: 5677:#endif
        -: 5678:
        -: 5679:#if 1
        1: 5680:  cs_log_set_level(LL_INFO);
        -: 5681:#endif
        -: 5682:
        -: 5683:  /* Start web server */
        1: 5684:  ASSERT((c = mg_bind(&mgr, web_addr, cb1)) != NULL);
        1: 5685:  mg_set_protocol_http_websocket(c);
        -: 5686:
        -: 5687:  /* Start socks proxy */
        1: 5688:  ASSERT((c = mg_bind(&mgr, proxy_addr, ev_handler_empty)) != NULL);
        1: 5689:  mg_set_protocol_socks(c);
        -: 5690:
        -: 5691:  /* Create HTTP client that uses socks proxy */
        1: 5692:  memset(&opts, 0, sizeof(opts));
        1: 5693:  opts.iface = mg_socks_mk_iface(&mgr, proxy_addr);
        -: 5694:
        1: 5695:  ASSERT((c = mg_connect_opt(&mgr, web_addr, cb7, opts)) != NULL);
        1: 5696:  mg_set_protocol_http_websocket(c);
        1: 5697:  c->user_data = status;
        -: 5698:  /* Wine and GDB set argv0 to full path: strip the dir component */
        1: 5699:  if ((this_binary = strrchr(g_argv_0, '\\')) != NULL) {
    #####: 5700:    this_binary++;
        1: 5701:  } else if ((this_binary = strrchr(g_argv_0, '/')) != NULL) {
        1: 5702:    this_binary++;
        -: 5703:  } else {
    #####: 5704:    this_binary = g_argv_0;
        -: 5705:  }
        1: 5706:  mg_printf(c, "GET /%s HTTP/1.0\n\n", this_binary);
        1: 5707:  mbuf_resize(&c->recv_mbuf, 10000000);
        -: 5708:
        -: 5709:  /* Run event loop. Use more cycles to let file download complete. */
        1: 5710:  poll_until(&mgr, 15, c_str_ne, status, (void *) "");
        1: 5711:  ASSERT_STREQ(status, "success");
        -: 5712:
        1: 5713:  mg_mgr_free(&mgr);
        -: 5714:
        1: 5715:  return NULL;
        -: 5716:}
        -: 5717:#endif
        -: 5718:
        1: 5719:void tests_setup(void) {
        1: 5720:  test_iface = mg_if_create_iface(mg_ifaces[MG_MAIN_IFACE], NULL);
        1: 5721:}
        -: 5722:
        1: 5723:const char *tests_run(const char *filter) {
        1: 5724:  RUN_TEST(test_mbuf);
        1: 5725:  RUN_TEST(test_parse_uri);
        1: 5726:  RUN_TEST(test_assemble_uri);
        1: 5727:  RUN_TEST(test_parse_address);
        1: 5728:  RUN_TEST(test_mg_normalize_uri_path);
        1: 5729:  RUN_TEST(test_mg_uri_to_local_path);
        1: 5730:  RUN_TEST(test_mg_url_encode);
        1: 5731:  RUN_TEST(test_check_ip_acl);
        1: 5732:  RUN_TEST(test_connect_opts);
        1: 5733:  RUN_TEST(test_connect_opts_error_string);
        1: 5734:  RUN_TEST(test_to64);
        1: 5735:  RUN_TEST(test_alloc_vprintf);
        1: 5736:  RUN_TEST(test_socketpair);
        1: 5737:  RUN_TEST(test_timer);
        -: 5738:#ifdef __linux__
        1: 5739:  RUN_TEST(test_simple);
        -: 5740:#endif
        -: 5741:#if MG_ENABLE_THREADS
        1: 5742:  RUN_TEST(test_thread);
        -: 5743:#endif
        1: 5744:  RUN_TEST(test_mgr);
        1: 5745:  RUN_TEST(test_parse_http_message);
        1: 5746:  RUN_TEST(test_get_http_var);
        1: 5747:  RUN_TEST(test_http_serve_file);
        1: 5748:  RUN_TEST(test_http_serve_file_streaming);
        1: 5749:  RUN_TEST(test_http);
        1: 5750:  RUN_TEST(test_http_pipeline);
        1: 5751:  RUN_TEST(test_http_send_redirect);
        1: 5752:  RUN_TEST(test_http_digest_auth);
        1: 5753:  RUN_TEST(test_http_errors);
        1: 5754:  RUN_TEST(test_http_index);
        1: 5755:  RUN_TEST(test_http_parse_header);
        1: 5756:  RUN_TEST(test_ssi);
        -: 5757:#ifndef NO_CGI_TEST
        1: 5758:  RUN_TEST(test_cgi);
        -: 5759:#endif
        1: 5760:  RUN_TEST(test_http_rewrites);
        1: 5761:  RUN_TEST(test_http_dav);
        1: 5762:  RUN_TEST(test_http_range);
        1: 5763:  RUN_TEST(test_http_multipart);
        -: 5764:#if MG_ENABLE_HTTP_STREAMING_MULTIPART
        1: 5765:  RUN_TEST(test_http_multipart2);
        1: 5766:  RUN_TEST(test_http_multipart_pipeline);
        1: 5767:  RUN_TEST(test_http_multipart_upload);
        -: 5768:#endif
        1: 5769:  RUN_TEST(test_parse_date_string);
        1: 5770:  RUN_TEST(test_websocket);
        1: 5771:  RUN_TEST(test_websocket_endpoint);
        1: 5772:  RUN_TEST(test_connect_ws);
        1: 5773:  RUN_TEST(test_websocket_big);
        1: 5774:  RUN_TEST(test_http_chunk);
        1: 5775:  RUN_TEST(test_http_chunk2);
        1: 5776:  RUN_TEST(test_http_not_modified);
        1: 5777:  RUN_TEST(test_http_extra_headers);
        1: 5778:  RUN_TEST(test_http_endpoints);
        1: 5779:  RUN_TEST(test_mqtt_handshake);
        1: 5780:  RUN_TEST(test_mqtt_publish);
        1: 5781:  RUN_TEST(test_mqtt_subscribe);
        1: 5782:  RUN_TEST(test_mqtt_unsubscribe);
        1: 5783:  RUN_TEST(test_mqtt_connack);
        1: 5784:  RUN_TEST(test_mqtt_suback);
        1: 5785:  RUN_TEST(test_mqtt_simple_acks);
        1: 5786:  RUN_TEST(test_mqtt_nullary);
        1: 5787:  RUN_TEST(test_mqtt_parse_mqtt);
        1: 5788:  RUN_TEST(test_mqtt_parse_mqtt_qos1);
        1: 5789:  RUN_TEST(test_mqtt_match_topic_expression);
        1: 5790:  RUN_TEST(test_mqtt_client_keep_alive);
        -: 5791:#if MG_ENABLE_MQTT_BROKER
        1: 5792:  RUN_TEST(test_mqtt_broker);
        -: 5793:#endif
        1: 5794:  RUN_TEST(test_dns_encode);
        1: 5795:  RUN_TEST(test_dns_uncompress);
        1: 5796:  RUN_TEST(test_dns_decode);
        1: 5797:  RUN_TEST(test_dns_decode_truncated);
        1: 5798:  RUN_TEST(test_dns_reply_encode);
        -: 5799:#if MG_ENABLE_DNS_SERVER
        1: 5800:  RUN_TEST(test_dns_server);
        -: 5801:#endif
        1: 5802:  RUN_TEST(test_dns_resolve);
        1: 5803:  RUN_TEST(test_dns_resolve_timeout);
        -: 5804:#ifndef NO_RESOLVE_HOSTS_TEST
        1: 5805:  RUN_TEST(test_dns_resolve_hosts);
        -: 5806:#endif
        1: 5807:  RUN_TEST(test_buffer_limit);
        1: 5808:  RUN_TEST(test_connection_errors);
        1: 5809:  RUN_TEST(test_connect_fail);
        -: 5810:#ifndef NO_DNS_TEST
        1: 5811:  RUN_TEST(test_resolve);
        -: 5812:#endif
        1: 5813:  RUN_TEST(test_base64);
        1: 5814:  RUN_TEST(test_sock_addr_to_str);
        1: 5815:  RUN_TEST(test_hexdump);
        1: 5816:  RUN_TEST(test_hexdump_file);
        1: 5817:  RUN_TEST(test_basic_auth_helpers);
        1: 5818:  RUN_TEST(test_http_auth);
        -: 5819:#if MG_ENABLE_SSL
        1: 5820:  RUN_TEST(test_ssl);
        -: 5821:#ifdef OPENSSL_VERSION_NUMBER
        -: 5822:  RUN_TEST(test_modern_crypto);
        -: 5823:#endif
        -: 5824:#endif
        1: 5825:  RUN_TEST(test_udp);
        -: 5826:#if MG_ENABLE_COAP
        1: 5827:  RUN_TEST(test_coap);
        -: 5828:#endif
        -: 5829:#if MG_ENABLE_SNTP
        1: 5830:  RUN_TEST(test_sntp);
        -: 5831:#endif
        1: 5832:  RUN_TEST(test_strcmp);
        -: 5833:#if MG_ENABLE_SOCKS
        1: 5834:  RUN_TEST(test_socks);
        -: 5835:#endif
        1: 5836:  return NULL;
        -: 5837:}
        -: 5838:
        1: 5839:void tests_teardown(void) {
        1: 5840:  free(test_iface);
        1: 5841:}
